CRITICAL - 2021-12-07 08:57:31 --> Undefined array key "id"
#0 D:\xampp\htdocs\project1\app\Views\dashboard\gallery.php(34): CodeIgniter\Debug\Exceptions->errorHandler(2, 'Undefined array...', 'D:\\xampp\\htdocs...', 34)
#1 D:\xampp\htdocs\project1\vendor\codeigniter4\framework\system\View\View.php(214): include('D:\\xampp\\htdocs...')
#2 D:\xampp\htdocs\project1\vendor\codeigniter4\framework\system\View\View.php(217): CodeIgniter\View\View->CodeIgniter\View\{closure}()
#3 D:\xampp\htdocs\project1\vendor\codeigniter4\framework\system\Common.php(1097): CodeIgniter\View\View->render('dashboard/galle...', Array, true)
#4 D:\xampp\htdocs\project1\app\Controllers\Dashboard.php(168): view('dashboard/galle...', Array)
#5 D:\xampp\htdocs\project1\vendor\codeigniter4\framework\system\CodeIgniter.php(824): App\Controllers\Dashboard->gallery()
#6 D:\xampp\htdocs\project1\vendor\codeigniter4\framework\system\CodeIgniter.php(410): CodeIgniter\CodeIgniter->runController(Object(App\Controllers\Dashboard))
#7 D:\xampp\htdocs\project1\vendor\codeigniter4\framework\system\CodeIgniter.php(318): CodeIgniter\CodeIgniter->handleRequest(NULL, Object(Config\Cache), false)
#8 D:\xampp\htdocs\project1\public\index.php(37): CodeIgniter\CodeIgniter->run()
#9 D:\xampp\htdocs\project1\vendor\codeigniter4\framework\system\Commands\Server\rewrite.php(43): require_once('D:\\xampp\\htdocs...')
#10 {main}
CRITICAL - 2021-12-07 09:00:09 --> Undefined array key "id"
#0 D:\xampp\htdocs\project1\app\Views\dashboard\gallery.php(34): CodeIgniter\Debug\Exceptions->errorHandler(2, 'Undefined array...', 'D:\\xampp\\htdocs...', 34)
#1 D:\xampp\htdocs\project1\vendor\codeigniter4\framework\system\View\View.php(214): include('D:\\xampp\\htdocs...')
#2 D:\xampp\htdocs\project1\vendor\codeigniter4\framework\system\View\View.php(217): CodeIgniter\View\View->CodeIgniter\View\{closure}()
#3 D:\xampp\htdocs\project1\vendor\codeigniter4\framework\system\Common.php(1097): CodeIgniter\View\View->render('dashboard/galle...', Array, true)
#4 D:\xampp\htdocs\project1\app\Controllers\Dashboard.php(168): view('dashboard/galle...', Array)
#5 D:\xampp\htdocs\project1\vendor\codeigniter4\framework\system\CodeIgniter.php(824): App\Controllers\Dashboard->gallery()
#6 D:\xampp\htdocs\project1\vendor\codeigniter4\framework\system\CodeIgniter.php(410): CodeIgniter\CodeIgniter->runController(Object(App\Controllers\Dashboard))
#7 D:\xampp\htdocs\project1\vendor\codeigniter4\framework\system\CodeIgniter.php(318): CodeIgniter\CodeIgniter->handleRequest(NULL, Object(Config\Cache), false)
#8 D:\xampp\htdocs\project1\public\index.php(37): CodeIgniter\CodeIgniter->run()
#9 D:\xampp\htdocs\project1\vendor\codeigniter4\framework\system\Commands\Server\rewrite.php(43): require_once('D:\\xampp\\htdocs...')
#10 {main}
CRITICAL - 2021-12-07 09:00:11 --> Undefined array key "id"
#0 D:\xampp\htdocs\project1\app\Views\dashboard\gallery.php(34): CodeIgniter\Debug\Exceptions->errorHandler(2, 'Undefined array...', 'D:\\xampp\\htdocs...', 34)
#1 D:\xampp\htdocs\project1\vendor\codeigniter4\framework\system\View\View.php(214): include('D:\\xampp\\htdocs...')
#2 D:\xampp\htdocs\project1\vendor\codeigniter4\framework\system\View\View.php(217): CodeIgniter\View\View->CodeIgniter\View\{closure}()
#3 D:\xampp\htdocs\project1\vendor\codeigniter4\framework\system\Common.php(1097): CodeIgniter\View\View->render('dashboard/galle...', Array, true)
#4 D:\xampp\htdocs\project1\app\Controllers\Dashboard.php(168): view('dashboard/galle...', Array)
#5 D:\xampp\htdocs\project1\vendor\codeigniter4\framework\system\CodeIgniter.php(824): App\Controllers\Dashboard->gallery()
#6 D:\xampp\htdocs\project1\vendor\codeigniter4\framework\system\CodeIgniter.php(410): CodeIgniter\CodeIgniter->runController(Object(App\Controllers\Dashboard))
#7 D:\xampp\htdocs\project1\vendor\codeigniter4\framework\system\CodeIgniter.php(318): CodeIgniter\CodeIgniter->handleRequest(NULL, Object(Config\Cache), false)
#8 D:\xampp\htdocs\project1\public\index.php(37): CodeIgniter\CodeIgniter->run()
#9 D:\xampp\htdocs\project1\vendor\codeigniter4\framework\system\Commands\Server\rewrite.php(43): require_once('D:\\xampp\\htdocs...')
#10 {main}
CRITICAL - 2021-12-07 09:50:58 --> Trying to access array offset on value of type null
#0 D:\xampp\htdocs\project1\app\Views\dashboard\detail\gallery.php(10): CodeIgniter\Debug\Exceptions->errorHandler(2, 'Trying to acces...', 'D:\\xampp\\htdocs...', 10)
#1 D:\xampp\htdocs\project1\vendor\codeigniter4\framework\system\View\View.php(214): include('D:\\xampp\\htdocs...')
#2 D:\xampp\htdocs\project1\vendor\codeigniter4\framework\system\View\View.php(217): CodeIgniter\View\View->CodeIgniter\View\{closure}()
#3 D:\xampp\htdocs\project1\vendor\codeigniter4\framework\system\Common.php(1097): CodeIgniter\View\View->render('dashboard/detai...', Array, true)
#4 D:\xampp\htdocs\project1\app\Controllers\DashboardGallery.php(51): view('dashboard/detai...', Array)
#5 D:\xampp\htdocs\project1\vendor\codeigniter4\framework\system\CodeIgniter.php(824): App\Controllers\DashboardGallery->detail('create')
#6 D:\xampp\htdocs\project1\vendor\codeigniter4\framework\system\CodeIgniter.php(410): CodeIgniter\CodeIgniter->runController(Object(App\Controllers\DashboardGallery))
#7 D:\xampp\htdocs\project1\vendor\codeigniter4\framework\system\CodeIgniter.php(318): CodeIgniter\CodeIgniter->handleRequest(NULL, Object(Config\Cache), false)
#8 D:\xampp\htdocs\project1\public\index.php(37): CodeIgniter\CodeIgniter->run()
#9 D:\xampp\htdocs\project1\vendor\codeigniter4\framework\system\Commands\Server\rewrite.php(43): require_once('D:\\xampp\\htdocs...')
#10 {main}
CRITICAL - 2021-12-07 09:54:18 --> Trying to access array offset on value of type null
#0 D:\xampp\htdocs\project1\app\Views\dashboard\detail\gallery.php(10): CodeIgniter\Debug\Exceptions->errorHandler(2, 'Trying to acces...', 'D:\\xampp\\htdocs...', 10)
#1 D:\xampp\htdocs\project1\vendor\codeigniter4\framework\system\View\View.php(214): include('D:\\xampp\\htdocs...')
#2 D:\xampp\htdocs\project1\vendor\codeigniter4\framework\system\View\View.php(217): CodeIgniter\View\View->CodeIgniter\View\{closure}()
#3 D:\xampp\htdocs\project1\vendor\codeigniter4\framework\system\Common.php(1097): CodeIgniter\View\View->render('dashboard/detai...', Array, true)
#4 D:\xampp\htdocs\project1\app\Controllers\DashboardGallery.php(51): view('dashboard/detai...', Array)
#5 D:\xampp\htdocs\project1\vendor\codeigniter4\framework\system\CodeIgniter.php(824): App\Controllers\DashboardGallery->detail('create')
#6 D:\xampp\htdocs\project1\vendor\codeigniter4\framework\system\CodeIgniter.php(410): CodeIgniter\CodeIgniter->runController(Object(App\Controllers\DashboardGallery))
#7 D:\xampp\htdocs\project1\vendor\codeigniter4\framework\system\CodeIgniter.php(318): CodeIgniter\CodeIgniter->handleRequest(NULL, Object(Config\Cache), false)
#8 D:\xampp\htdocs\project1\public\index.php(37): CodeIgniter\CodeIgniter->run()
#9 D:\xampp\htdocs\project1\vendor\codeigniter4\framework\system\Commands\Server\rewrite.php(43): require_once('D:\\xampp\\htdocs...')
#10 {main}
CRITICAL - 2021-12-07 09:54:26 --> Trying to access array offset on value of type null
#0 D:\xampp\htdocs\project1\app\Views\dashboard\detail\gallery.php(10): CodeIgniter\Debug\Exceptions->errorHandler(2, 'Trying to acces...', 'D:\\xampp\\htdocs...', 10)
#1 D:\xampp\htdocs\project1\vendor\codeigniter4\framework\system\View\View.php(214): include('D:\\xampp\\htdocs...')
#2 D:\xampp\htdocs\project1\vendor\codeigniter4\framework\system\View\View.php(217): CodeIgniter\View\View->CodeIgniter\View\{closure}()
#3 D:\xampp\htdocs\project1\vendor\codeigniter4\framework\system\Common.php(1097): CodeIgniter\View\View->render('dashboard/detai...', Array, true)
#4 D:\xampp\htdocs\project1\app\Controllers\DashboardGallery.php(51): view('dashboard/detai...', Array)
#5 D:\xampp\htdocs\project1\vendor\codeigniter4\framework\system\CodeIgniter.php(824): App\Controllers\DashboardGallery->detail('create')
#6 D:\xampp\htdocs\project1\vendor\codeigniter4\framework\system\CodeIgniter.php(410): CodeIgniter\CodeIgniter->runController(Object(App\Controllers\DashboardGallery))
#7 D:\xampp\htdocs\project1\vendor\codeigniter4\framework\system\CodeIgniter.php(318): CodeIgniter\CodeIgniter->handleRequest(NULL, Object(Config\Cache), false)
#8 D:\xampp\htdocs\project1\public\index.php(37): CodeIgniter\CodeIgniter->run()
#9 D:\xampp\htdocs\project1\vendor\codeigniter4\framework\system\Commands\Server\rewrite.php(43): require_once('D:\\xampp\\htdocs...')
#10 {main}
CRITICAL - 2021-12-07 09:57:31 --> Trying to access array offset on value of type null
#0 D:\xampp\htdocs\project1\app\Views\dashboard\detail\gallery.php(10): CodeIgniter\Debug\Exceptions->errorHandler(2, 'Trying to acces...', 'D:\\xampp\\htdocs...', 10)
#1 D:\xampp\htdocs\project1\vendor\codeigniter4\framework\system\View\View.php(214): include('D:\\xampp\\htdocs...')
#2 D:\xampp\htdocs\project1\vendor\codeigniter4\framework\system\View\View.php(217): CodeIgniter\View\View->CodeIgniter\View\{closure}()
#3 D:\xampp\htdocs\project1\vendor\codeigniter4\framework\system\Common.php(1097): CodeIgniter\View\View->render('dashboard/detai...', Array, true)
#4 D:\xampp\htdocs\project1\app\Controllers\DashboardGallery.php(51): view('dashboard/detai...', Array)
#5 D:\xampp\htdocs\project1\vendor\codeigniter4\framework\system\CodeIgniter.php(824): App\Controllers\DashboardGallery->detail('create')
#6 D:\xampp\htdocs\project1\vendor\codeigniter4\framework\system\CodeIgniter.php(410): CodeIgniter\CodeIgniter->runController(Object(App\Controllers\DashboardGallery))
#7 D:\xampp\htdocs\project1\vendor\codeigniter4\framework\system\CodeIgniter.php(318): CodeIgniter\CodeIgniter->handleRequest(NULL, Object(Config\Cache), false)
#8 D:\xampp\htdocs\project1\public\index.php(37): CodeIgniter\CodeIgniter->run()
#9 D:\xampp\htdocs\project1\vendor\codeigniter4\framework\system\Commands\Server\rewrite.php(43): require_once('D:\\xampp\\htdocs...')
#10 {main}
CRITICAL - 2021-12-07 09:57:39 --> Trying to access array offset on value of type null
#0 D:\xampp\htdocs\project1\app\Views\dashboard\detail\gallery.php(10): CodeIgniter\Debug\Exceptions->errorHandler(2, 'Trying to acces...', 'D:\\xampp\\htdocs...', 10)
#1 D:\xampp\htdocs\project1\vendor\codeigniter4\framework\system\View\View.php(214): include('D:\\xampp\\htdocs...')
#2 D:\xampp\htdocs\project1\vendor\codeigniter4\framework\system\View\View.php(217): CodeIgniter\View\View->CodeIgniter\View\{closure}()
#3 D:\xampp\htdocs\project1\vendor\codeigniter4\framework\system\Common.php(1097): CodeIgniter\View\View->render('dashboard/detai...', Array, true)
#4 D:\xampp\htdocs\project1\app\Controllers\DashboardGallery.php(51): view('dashboard/detai...', Array)
#5 D:\xampp\htdocs\project1\vendor\codeigniter4\framework\system\CodeIgniter.php(824): App\Controllers\DashboardGallery->detail('create')
#6 D:\xampp\htdocs\project1\vendor\codeigniter4\framework\system\CodeIgniter.php(410): CodeIgniter\CodeIgniter->runController(Object(App\Controllers\DashboardGallery))
#7 D:\xampp\htdocs\project1\vendor\codeigniter4\framework\system\CodeIgniter.php(318): CodeIgniter\CodeIgniter->handleRequest(NULL, Object(Config\Cache), false)
#8 D:\xampp\htdocs\project1\public\index.php(37): CodeIgniter\CodeIgniter->run()
#9 D:\xampp\htdocs\project1\vendor\codeigniter4\framework\system\Commands\Server\rewrite.php(43): require_once('D:\\xampp\\htdocs...')
#10 {main}
CRITICAL - 2021-12-07 09:57:57 --> Trying to access array offset on value of type null
#0 D:\xampp\htdocs\project1\app\Views\dashboard\detail\gallery.php(10): CodeIgniter\Debug\Exceptions->errorHandler(2, 'Trying to acces...', 'D:\\xampp\\htdocs...', 10)
#1 D:\xampp\htdocs\project1\vendor\codeigniter4\framework\system\View\View.php(214): include('D:\\xampp\\htdocs...')
#2 D:\xampp\htdocs\project1\vendor\codeigniter4\framework\system\View\View.php(217): CodeIgniter\View\View->CodeIgniter\View\{closure}()
#3 D:\xampp\htdocs\project1\vendor\codeigniter4\framework\system\Common.php(1097): CodeIgniter\View\View->render('dashboard/detai...', Array, true)
#4 D:\xampp\htdocs\project1\app\Controllers\DashboardGallery.php(51): view('dashboard/detai...', Array)
#5 D:\xampp\htdocs\project1\vendor\codeigniter4\framework\system\CodeIgniter.php(824): App\Controllers\DashboardGallery->detail('detail', 'delete')
#6 D:\xampp\htdocs\project1\vendor\codeigniter4\framework\system\CodeIgniter.php(410): CodeIgniter\CodeIgniter->runController(Object(App\Controllers\DashboardGallery))
#7 D:\xampp\htdocs\project1\vendor\codeigniter4\framework\system\CodeIgniter.php(318): CodeIgniter\CodeIgniter->handleRequest(NULL, Object(Config\Cache), false)
#8 D:\xampp\htdocs\project1\public\index.php(37): CodeIgniter\CodeIgniter->run()
#9 D:\xampp\htdocs\project1\vendor\codeigniter4\framework\system\Commands\Server\rewrite.php(43): require_once('D:\\xampp\\htdocs...')
#10 {main}
CRITICAL - 2021-12-07 09:58:36 --> Trying to access array offset on value of type null
#0 D:\xampp\htdocs\project1\app\Views\dashboard\detail\gallery.php(10): CodeIgniter\Debug\Exceptions->errorHandler(2, 'Trying to acces...', 'D:\\xampp\\htdocs...', 10)
#1 D:\xampp\htdocs\project1\vendor\codeigniter4\framework\system\View\View.php(214): include('D:\\xampp\\htdocs...')
#2 D:\xampp\htdocs\project1\vendor\codeigniter4\framework\system\View\View.php(217): CodeIgniter\View\View->CodeIgniter\View\{closure}()
#3 D:\xampp\htdocs\project1\vendor\codeigniter4\framework\system\Common.php(1097): CodeIgniter\View\View->render('dashboard/detai...', Array, true)
#4 D:\xampp\htdocs\project1\app\Controllers\DashboardGallery.php(51): view('dashboard/detai...', Array)
#5 D:\xampp\htdocs\project1\vendor\codeigniter4\framework\system\CodeIgniter.php(824): App\Controllers\DashboardGallery->detail('detail', 'delete')
#6 D:\xampp\htdocs\project1\vendor\codeigniter4\framework\system\CodeIgniter.php(410): CodeIgniter\CodeIgniter->runController(Object(App\Controllers\DashboardGallery))
#7 D:\xampp\htdocs\project1\vendor\codeigniter4\framework\system\CodeIgniter.php(318): CodeIgniter\CodeIgniter->handleRequest(NULL, Object(Config\Cache), false)
#8 D:\xampp\htdocs\project1\public\index.php(37): CodeIgniter\CodeIgniter->run()
#9 D:\xampp\htdocs\project1\vendor\codeigniter4\framework\system\Commands\Server\rewrite.php(43): require_once('D:\\xampp\\htdocs...')
#10 {main}
CRITICAL - 2021-12-07 09:58:40 --> Trying to access array offset on value of type null
#0 D:\xampp\htdocs\project1\app\Views\dashboard\detail\gallery.php(10): CodeIgniter\Debug\Exceptions->errorHandler(2, 'Trying to acces...', 'D:\\xampp\\htdocs...', 10)
#1 D:\xampp\htdocs\project1\vendor\codeigniter4\framework\system\View\View.php(214): include('D:\\xampp\\htdocs...')
#2 D:\xampp\htdocs\project1\vendor\codeigniter4\framework\system\View\View.php(217): CodeIgniter\View\View->CodeIgniter\View\{closure}()
#3 D:\xampp\htdocs\project1\vendor\codeigniter4\framework\system\Common.php(1097): CodeIgniter\View\View->render('dashboard/detai...', Array, true)
#4 D:\xampp\htdocs\project1\app\Controllers\DashboardGallery.php(51): view('dashboard/detai...', Array)
#5 D:\xampp\htdocs\project1\vendor\codeigniter4\framework\system\CodeIgniter.php(824): App\Controllers\DashboardGallery->detail('create')
#6 D:\xampp\htdocs\project1\vendor\codeigniter4\framework\system\CodeIgniter.php(410): CodeIgniter\CodeIgniter->runController(Object(App\Controllers\DashboardGallery))
#7 D:\xampp\htdocs\project1\vendor\codeigniter4\framework\system\CodeIgniter.php(318): CodeIgniter\CodeIgniter->handleRequest(NULL, Object(Config\Cache), false)
#8 D:\xampp\htdocs\project1\public\index.php(37): CodeIgniter\CodeIgniter->run()
#9 D:\xampp\htdocs\project1\vendor\codeigniter4\framework\system\Commands\Server\rewrite.php(43): require_once('D:\\xampp\\htdocs...')
#10 {main}
CRITICAL - 2021-12-07 10:01:09 --> Trying to access array offset on value of type null
#0 D:\xampp\htdocs\project1\app\Views\dashboard\detail\gallery.php(10): CodeIgniter\Debug\Exceptions->errorHandler(2, 'Trying to acces...', 'D:\\xampp\\htdocs...', 10)
#1 D:\xampp\htdocs\project1\vendor\codeigniter4\framework\system\View\View.php(214): include('D:\\xampp\\htdocs...')
#2 D:\xampp\htdocs\project1\vendor\codeigniter4\framework\system\View\View.php(217): CodeIgniter\View\View->CodeIgniter\View\{closure}()
#3 D:\xampp\htdocs\project1\vendor\codeigniter4\framework\system\Common.php(1097): CodeIgniter\View\View->render('dashboard/detai...', Array, true)
#4 D:\xampp\htdocs\project1\app\Controllers\DashboardGallery.php(51): view('dashboard/detai...', Array)
#5 D:\xampp\htdocs\project1\vendor\codeigniter4\framework\system\CodeIgniter.php(824): App\Controllers\DashboardGallery->detail('create')
#6 D:\xampp\htdocs\project1\vendor\codeigniter4\framework\system\CodeIgniter.php(410): CodeIgniter\CodeIgniter->runController(Object(App\Controllers\DashboardGallery))
#7 D:\xampp\htdocs\project1\vendor\codeigniter4\framework\system\CodeIgniter.php(318): CodeIgniter\CodeIgniter->handleRequest(NULL, Object(Config\Cache), false)
#8 D:\xampp\htdocs\project1\public\index.php(37): CodeIgniter\CodeIgniter->run()
#9 D:\xampp\htdocs\project1\vendor\codeigniter4\framework\system\Commands\Server\rewrite.php(43): require_once('D:\\xampp\\htdocs...')
#10 {main}
CRITICAL - 2021-12-07 10:20:22 --> Trying to access array offset on value of type null
#0 D:\xampp\htdocs\project1\app\Views\dashboard\detail\gallery.php(10): CodeIgniter\Debug\Exceptions->errorHandler(2, 'Trying to acces...', 'D:\\xampp\\htdocs...', 10)
#1 D:\xampp\htdocs\project1\vendor\codeigniter4\framework\system\View\View.php(214): include('D:\\xampp\\htdocs...')
#2 D:\xampp\htdocs\project1\vendor\codeigniter4\framework\system\View\View.php(217): CodeIgniter\View\View->CodeIgniter\View\{closure}()
#3 D:\xampp\htdocs\project1\vendor\codeigniter4\framework\system\Common.php(1097): CodeIgniter\View\View->render('dashboard/detai...', Array, true)
#4 D:\xampp\htdocs\project1\app\Controllers\DashboardGallery.php(42): view('dashboard/detai...', Array)
#5 D:\xampp\htdocs\project1\vendor\codeigniter4\framework\system\CodeIgniter.php(824): App\Controllers\DashboardGallery->detail('create')
#6 D:\xampp\htdocs\project1\vendor\codeigniter4\framework\system\CodeIgniter.php(410): CodeIgniter\CodeIgniter->runController(Object(App\Controllers\DashboardGallery))
#7 D:\xampp\htdocs\project1\vendor\codeigniter4\framework\system\CodeIgniter.php(318): CodeIgniter\CodeIgniter->handleRequest(NULL, Object(Config\Cache), false)
#8 D:\xampp\htdocs\project1\public\index.php(37): CodeIgniter\CodeIgniter->run()
#9 D:\xampp\htdocs\project1\vendor\codeigniter4\framework\system\Commands\Server\rewrite.php(43): require_once('D:\\xampp\\htdocs...')
#10 {main}
CRITICAL - 2021-12-07 10:22:02 --> Trying to access array offset on value of type null
#0 D:\xampp\htdocs\project1\app\Views\dashboard\detail\gallery.php(10): CodeIgniter\Debug\Exceptions->errorHandler(2, 'Trying to acces...', 'D:\\xampp\\htdocs...', 10)
#1 D:\xampp\htdocs\project1\vendor\codeigniter4\framework\system\View\View.php(214): include('D:\\xampp\\htdocs...')
#2 D:\xampp\htdocs\project1\vendor\codeigniter4\framework\system\View\View.php(217): CodeIgniter\View\View->CodeIgniter\View\{closure}()
#3 D:\xampp\htdocs\project1\vendor\codeigniter4\framework\system\Common.php(1097): CodeIgniter\View\View->render('dashboard/detai...', Array, true)
#4 D:\xampp\htdocs\project1\app\Controllers\DashboardGallery.php(51): view('dashboard/detai...', Array)
#5 D:\xampp\htdocs\project1\vendor\codeigniter4\framework\system\CodeIgniter.php(824): App\Controllers\DashboardGallery->detail('create')
#6 D:\xampp\htdocs\project1\vendor\codeigniter4\framework\system\CodeIgniter.php(410): CodeIgniter\CodeIgniter->runController(Object(App\Controllers\DashboardGallery))
#7 D:\xampp\htdocs\project1\vendor\codeigniter4\framework\system\CodeIgniter.php(318): CodeIgniter\CodeIgniter->handleRequest(NULL, Object(Config\Cache), false)
#8 D:\xampp\htdocs\project1\public\index.php(37): CodeIgniter\CodeIgniter->run()
#9 D:\xampp\htdocs\project1\vendor\codeigniter4\framework\system\Commands\Server\rewrite.php(43): require_once('D:\\xampp\\htdocs...')
#10 {main}
CRITICAL - 2021-12-07 10:22:23 --> Trying to access array offset on value of type null
#0 D:\xampp\htdocs\project1\app\Views\dashboard\detail\gallery.php(10): CodeIgniter\Debug\Exceptions->errorHandler(2, 'Trying to acces...', 'D:\\xampp\\htdocs...', 10)
#1 D:\xampp\htdocs\project1\vendor\codeigniter4\framework\system\View\View.php(214): include('D:\\xampp\\htdocs...')
#2 D:\xampp\htdocs\project1\vendor\codeigniter4\framework\system\View\View.php(217): CodeIgniter\View\View->CodeIgniter\View\{closure}()
#3 D:\xampp\htdocs\project1\vendor\codeigniter4\framework\system\Common.php(1097): CodeIgniter\View\View->render('dashboard/detai...', Array, true)
#4 D:\xampp\htdocs\project1\app\Controllers\DashboardGallery.php(51): view('dashboard/detai...', Array)
#5 D:\xampp\htdocs\project1\vendor\codeigniter4\framework\system\CodeIgniter.php(824): App\Controllers\DashboardGallery->detail('create')
#6 D:\xampp\htdocs\project1\vendor\codeigniter4\framework\system\CodeIgniter.php(410): CodeIgniter\CodeIgniter->runController(Object(App\Controllers\DashboardGallery))
#7 D:\xampp\htdocs\project1\vendor\codeigniter4\framework\system\CodeIgniter.php(318): CodeIgniter\CodeIgniter->handleRequest(NULL, Object(Config\Cache), false)
#8 D:\xampp\htdocs\project1\public\index.php(37): CodeIgniter\CodeIgniter->run()
#9 D:\xampp\htdocs\project1\vendor\codeigniter4\framework\system\Commands\Server\rewrite.php(43): require_once('D:\\xampp\\htdocs...')
#10 {main}
CRITICAL - 2021-12-07 10:22:57 --> Trying to access array offset on value of type null
#0 D:\xampp\htdocs\project1\app\Views\dashboard\detail\gallery.php(10): CodeIgniter\Debug\Exceptions->errorHandler(2, 'Trying to acces...', 'D:\\xampp\\htdocs...', 10)
#1 D:\xampp\htdocs\project1\vendor\codeigniter4\framework\system\View\View.php(214): include('D:\\xampp\\htdocs...')
#2 D:\xampp\htdocs\project1\vendor\codeigniter4\framework\system\View\View.php(217): CodeIgniter\View\View->CodeIgniter\View\{closure}()
#3 D:\xampp\htdocs\project1\vendor\codeigniter4\framework\system\Common.php(1097): CodeIgniter\View\View->render('dashboard/detai...', Array, true)
#4 D:\xampp\htdocs\project1\app\Controllers\DashboardGallery.php(51): view('dashboard/detai...', Array)
#5 D:\xampp\htdocs\project1\vendor\codeigniter4\framework\system\CodeIgniter.php(824): App\Controllers\DashboardGallery->detail('create')
#6 D:\xampp\htdocs\project1\vendor\codeigniter4\framework\system\CodeIgniter.php(410): CodeIgniter\CodeIgniter->runController(Object(App\Controllers\DashboardGallery))
#7 D:\xampp\htdocs\project1\vendor\codeigniter4\framework\system\CodeIgniter.php(318): CodeIgniter\CodeIgniter->handleRequest(NULL, Object(Config\Cache), false)
#8 D:\xampp\htdocs\project1\public\index.php(37): CodeIgniter\CodeIgniter->run()
#9 D:\xampp\htdocs\project1\vendor\codeigniter4\framework\system\Commands\Server\rewrite.php(43): require_once('D:\\xampp\\htdocs...')
#10 {main}
CRITICAL - 2021-12-07 10:23:02 --> Trying to access array offset on value of type null
#0 D:\xampp\htdocs\project1\app\Views\dashboard\detail\gallery.php(10): CodeIgniter\Debug\Exceptions->errorHandler(2, 'Trying to acces...', 'D:\\xampp\\htdocs...', 10)
#1 D:\xampp\htdocs\project1\vendor\codeigniter4\framework\system\View\View.php(214): include('D:\\xampp\\htdocs...')
#2 D:\xampp\htdocs\project1\vendor\codeigniter4\framework\system\View\View.php(217): CodeIgniter\View\View->CodeIgniter\View\{closure}()
#3 D:\xampp\htdocs\project1\vendor\codeigniter4\framework\system\Common.php(1097): CodeIgniter\View\View->render('dashboard/detai...', Array, true)
#4 D:\xampp\htdocs\project1\app\Controllers\DashboardGallery.php(51): view('dashboard/detai...', Array)
#5 D:\xampp\htdocs\project1\vendor\codeigniter4\framework\system\CodeIgniter.php(824): App\Controllers\DashboardGallery->detail('create')
#6 D:\xampp\htdocs\project1\vendor\codeigniter4\framework\system\CodeIgniter.php(410): CodeIgniter\CodeIgniter->runController(Object(App\Controllers\DashboardGallery))
#7 D:\xampp\htdocs\project1\vendor\codeigniter4\framework\system\CodeIgniter.php(318): CodeIgniter\CodeIgniter->handleRequest(NULL, Object(Config\Cache), false)
#8 D:\xampp\htdocs\project1\public\index.php(37): CodeIgniter\CodeIgniter->run()
#9 D:\xampp\htdocs\project1\vendor\codeigniter4\framework\system\Commands\Server\rewrite.php(43): require_once('D:\\xampp\\htdocs...')
#10 {main}
CRITICAL - 2021-12-07 10:25:41 --> Trying to access array offset on value of type null
#0 D:\xampp\htdocs\project1\app\Views\dashboard\detail\gallery.php(10): CodeIgniter\Debug\Exceptions->errorHandler(2, 'Trying to acces...', 'D:\\xampp\\htdocs...', 10)
#1 D:\xampp\htdocs\project1\vendor\codeigniter4\framework\system\View\View.php(214): include('D:\\xampp\\htdocs...')
#2 D:\xampp\htdocs\project1\vendor\codeigniter4\framework\system\View\View.php(217): CodeIgniter\View\View->CodeIgniter\View\{closure}()
#3 D:\xampp\htdocs\project1\vendor\codeigniter4\framework\system\Common.php(1097): CodeIgniter\View\View->render('dashboard/detai...', Array, true)
#4 D:\xampp\htdocs\project1\app\Controllers\DashboardGallery.php(51): view('dashboard/detai...', Array)
#5 D:\xampp\htdocs\project1\vendor\codeigniter4\framework\system\CodeIgniter.php(824): App\Controllers\DashboardGallery->detail('create')
#6 D:\xampp\htdocs\project1\vendor\codeigniter4\framework\system\CodeIgniter.php(410): CodeIgniter\CodeIgniter->runController(Object(App\Controllers\DashboardGallery))
#7 D:\xampp\htdocs\project1\vendor\codeigniter4\framework\system\CodeIgniter.php(318): CodeIgniter\CodeIgniter->handleRequest(NULL, Object(Config\Cache), false)
#8 D:\xampp\htdocs\project1\public\index.php(37): CodeIgniter\CodeIgniter->run()
#9 D:\xampp\htdocs\project1\vendor\codeigniter4\framework\system\Commands\Server\rewrite.php(43): require_once('D:\\xampp\\htdocs...')
#10 {main}
CRITICAL - 2021-12-07 10:40:17 --> Trying to access array offset on value of type null
#0 D:\xampp\htdocs\project1\app\Views\dashboard\detail\gallery.php(10): CodeIgniter\Debug\Exceptions->errorHandler(2, 'Trying to acces...', 'D:\\xampp\\htdocs...', 10)
#1 D:\xampp\htdocs\project1\vendor\codeigniter4\framework\system\View\View.php(214): include('D:\\xampp\\htdocs...')
#2 D:\xampp\htdocs\project1\vendor\codeigniter4\framework\system\View\View.php(217): CodeIgniter\View\View->CodeIgniter\View\{closure}()
#3 D:\xampp\htdocs\project1\vendor\codeigniter4\framework\system\Common.php(1097): CodeIgniter\View\View->render('dashboard/detai...', Array, true)
#4 D:\xampp\htdocs\project1\app\Controllers\DashboardGallery.php(51): view('dashboard/detai...', Array)
#5 D:\xampp\htdocs\project1\vendor\codeigniter4\framework\system\CodeIgniter.php(824): App\Controllers\DashboardGallery->detail('create')
#6 D:\xampp\htdocs\project1\vendor\codeigniter4\framework\system\CodeIgniter.php(410): CodeIgniter\CodeIgniter->runController(Object(App\Controllers\DashboardGallery))
#7 D:\xampp\htdocs\project1\vendor\codeigniter4\framework\system\CodeIgniter.php(318): CodeIgniter\CodeIgniter->handleRequest(NULL, Object(Config\Cache), false)
#8 D:\xampp\htdocs\project1\public\index.php(37): CodeIgniter\CodeIgniter->run()
#9 D:\xampp\htdocs\project1\vendor\codeigniter4\framework\system\Commands\Server\rewrite.php(43): require_once('D:\\xampp\\htdocs...')
#10 {main}
CRITICAL - 2021-12-07 10:43:08 --> Trying to access array offset on value of type null
#0 D:\xampp\htdocs\project1\app\Views\dashboard\detail\gallery.php(10): CodeIgniter\Debug\Exceptions->errorHandler(2, 'Trying to acces...', 'D:\\xampp\\htdocs...', 10)
#1 D:\xampp\htdocs\project1\vendor\codeigniter4\framework\system\View\View.php(214): include('D:\\xampp\\htdocs...')
#2 D:\xampp\htdocs\project1\vendor\codeigniter4\framework\system\View\View.php(217): CodeIgniter\View\View->CodeIgniter\View\{closure}()
#3 D:\xampp\htdocs\project1\vendor\codeigniter4\framework\system\Common.php(1097): CodeIgniter\View\View->render('dashboard/detai...', Array, true)
#4 D:\xampp\htdocs\project1\app\Controllers\DashboardGallery.php(51): view('dashboard/detai...', Array)
#5 D:\xampp\htdocs\project1\vendor\codeigniter4\framework\system\CodeIgniter.php(824): App\Controllers\DashboardGallery->detail('create')
#6 D:\xampp\htdocs\project1\vendor\codeigniter4\framework\system\CodeIgniter.php(410): CodeIgniter\CodeIgniter->runController(Object(App\Controllers\DashboardGallery))
#7 D:\xampp\htdocs\project1\vendor\codeigniter4\framework\system\CodeIgniter.php(318): CodeIgniter\CodeIgniter->handleRequest(NULL, Object(Config\Cache), false)
#8 D:\xampp\htdocs\project1\public\index.php(37): CodeIgniter\CodeIgniter->run()
#9 D:\xampp\htdocs\project1\vendor\codeigniter4\framework\system\Commands\Server\rewrite.php(43): require_once('D:\\xampp\\htdocs...')
#10 {main}
CRITICAL - 2021-12-07 10:51:50 --> Trying to access array offset on value of type null
#0 D:\xampp\htdocs\project1\app\Views\dashboard\detail\gallery.php(10): CodeIgniter\Debug\Exceptions->errorHandler(2, 'Trying to acces...', 'D:\\xampp\\htdocs...', 10)
#1 D:\xampp\htdocs\project1\vendor\codeigniter4\framework\system\View\View.php(214): include('D:\\xampp\\htdocs...')
#2 D:\xampp\htdocs\project1\vendor\codeigniter4\framework\system\View\View.php(217): CodeIgniter\View\View->CodeIgniter\View\{closure}()
#3 D:\xampp\htdocs\project1\vendor\codeigniter4\framework\system\Common.php(1097): CodeIgniter\View\View->render('dashboard/detai...', Array, true)
#4 D:\xampp\htdocs\project1\app\Controllers\DashboardGallery.php(51): view('dashboard/detai...', Array)
#5 D:\xampp\htdocs\project1\vendor\codeigniter4\framework\system\CodeIgniter.php(824): App\Controllers\DashboardGallery->detail('create')
#6 D:\xampp\htdocs\project1\vendor\codeigniter4\framework\system\CodeIgniter.php(410): CodeIgniter\CodeIgniter->runController(Object(App\Controllers\DashboardGallery))
#7 D:\xampp\htdocs\project1\vendor\codeigniter4\framework\system\CodeIgniter.php(318): CodeIgniter\CodeIgniter->handleRequest(NULL, Object(Config\Cache), false)
#8 D:\xampp\htdocs\project1\public\index.php(37): CodeIgniter\CodeIgniter->run()
#9 D:\xampp\htdocs\project1\vendor\codeigniter4\framework\system\Commands\Server\rewrite.php(43): require_once('D:\\xampp\\htdocs...')
#10 {main}
CRITICAL - 2021-12-07 11:01:11 --> Trying to access array offset on value of type null
#0 D:\xampp\htdocs\project1\app\Views\dashboard\detail\gallery.php(10): CodeIgniter\Debug\Exceptions->errorHandler(2, 'Trying to acces...', 'D:\\xampp\\htdocs...', 10)
#1 D:\xampp\htdocs\project1\vendor\codeigniter4\framework\system\View\View.php(214): include('D:\\xampp\\htdocs...')
#2 D:\xampp\htdocs\project1\vendor\codeigniter4\framework\system\View\View.php(217): CodeIgniter\View\View->CodeIgniter\View\{closure}()
#3 D:\xampp\htdocs\project1\vendor\codeigniter4\framework\system\Common.php(1097): CodeIgniter\View\View->render('dashboard/detai...', Array, true)
#4 D:\xampp\htdocs\project1\app\Controllers\DashboardGallery.php(51): view('dashboard/detai...', Array)
#5 D:\xampp\htdocs\project1\vendor\codeigniter4\framework\system\CodeIgniter.php(824): App\Controllers\DashboardGallery->detail('delete', '10')
#6 D:\xampp\htdocs\project1\vendor\codeigniter4\framework\system\CodeIgniter.php(410): CodeIgniter\CodeIgniter->runController(Object(App\Controllers\DashboardGallery))
#7 D:\xampp\htdocs\project1\vendor\codeigniter4\framework\system\CodeIgniter.php(318): CodeIgniter\CodeIgniter->handleRequest(NULL, Object(Config\Cache), false)
#8 D:\xampp\htdocs\project1\public\index.php(37): CodeIgniter\CodeIgniter->run()
#9 D:\xampp\htdocs\project1\vendor\codeigniter4\framework\system\Commands\Server\rewrite.php(43): require_once('D:\\xampp\\htdocs...')
#10 {main}
CRITICAL - 2021-12-07 11:01:45 --> Trying to access array offset on value of type null
#0 D:\xampp\htdocs\project1\app\Views\dashboard\detail\gallery.php(10): CodeIgniter\Debug\Exceptions->errorHandler(2, 'Trying to acces...', 'D:\\xampp\\htdocs...', 10)
#1 D:\xampp\htdocs\project1\vendor\codeigniter4\framework\system\View\View.php(214): include('D:\\xampp\\htdocs...')
#2 D:\xampp\htdocs\project1\vendor\codeigniter4\framework\system\View\View.php(217): CodeIgniter\View\View->CodeIgniter\View\{closure}()
#3 D:\xampp\htdocs\project1\vendor\codeigniter4\framework\system\Common.php(1097): CodeIgniter\View\View->render('dashboard/detai...', Array, true)
#4 D:\xampp\htdocs\project1\app\Controllers\DashboardGallery.php(51): view('dashboard/detai...', Array)
#5 D:\xampp\htdocs\project1\vendor\codeigniter4\framework\system\CodeIgniter.php(824): App\Controllers\DashboardGallery->detail('10')
#6 D:\xampp\htdocs\project1\vendor\codeigniter4\framework\system\CodeIgniter.php(410): CodeIgniter\CodeIgniter->runController(Object(App\Controllers\DashboardGallery))
#7 D:\xampp\htdocs\project1\vendor\codeigniter4\framework\system\CodeIgniter.php(318): CodeIgniter\CodeIgniter->handleRequest(NULL, Object(Config\Cache), false)
#8 D:\xampp\htdocs\project1\public\index.php(37): CodeIgniter\CodeIgniter->run()
#9 D:\xampp\htdocs\project1\vendor\codeigniter4\framework\system\Commands\Server\rewrite.php(43): require_once('D:\\xampp\\htdocs...')
#10 {main}
CRITICAL - 2021-12-07 12:05:10 --> Trying to access array offset on value of type null
#0 D:\xampp\htdocs\project1\app\Views\dashboard\edit\gallery.php(8): CodeIgniter\Debug\Exceptions->errorHandler(2, 'Trying to acces...', 'D:\\xampp\\htdocs...', 8)
#1 D:\xampp\htdocs\project1\vendor\codeigniter4\framework\system\View\View.php(214): include('D:\\xampp\\htdocs...')
#2 D:\xampp\htdocs\project1\vendor\codeigniter4\framework\system\View\View.php(217): CodeIgniter\View\View->CodeIgniter\View\{closure}()
#3 D:\xampp\htdocs\project1\vendor\codeigniter4\framework\system\Common.php(1097): CodeIgniter\View\View->render('dashboard/edit/...', Array, true)
#4 D:\xampp\htdocs\project1\app\Controllers\DashboardGallery.php(115): view('dashboard/edit/...', Array)
#5 D:\xampp\htdocs\project1\vendor\codeigniter4\framework\system\CodeIgniter.php(824): App\Controllers\DashboardGallery->edit('ini gambar 4')
#6 D:\xampp\htdocs\project1\vendor\codeigniter4\framework\system\CodeIgniter.php(410): CodeIgniter\CodeIgniter->runController(Object(App\Controllers\DashboardGallery))
#7 D:\xampp\htdocs\project1\vendor\codeigniter4\framework\system\CodeIgniter.php(318): CodeIgniter\CodeIgniter->handleRequest(NULL, Object(Config\Cache), false)
#8 D:\xampp\htdocs\project1\public\index.php(37): CodeIgniter\CodeIgniter->run()
#9 D:\xampp\htdocs\project1\vendor\codeigniter4\framework\system\Commands\Server\rewrite.php(43): require_once('D:\\xampp\\htdocs...')
#10 {main}
CRITICAL - 2021-12-07 12:06:45 --> Trying to access array offset on value of type null
#0 D:\xampp\htdocs\project1\app\Views\dashboard\edit\gallery.php(8): CodeIgniter\Debug\Exceptions->errorHandler(2, 'Trying to acces...', 'D:\\xampp\\htdocs...', 8)
#1 D:\xampp\htdocs\project1\vendor\codeigniter4\framework\system\View\View.php(214): include('D:\\xampp\\htdocs...')
#2 D:\xampp\htdocs\project1\vendor\codeigniter4\framework\system\View\View.php(217): CodeIgniter\View\View->CodeIgniter\View\{closure}()
#3 D:\xampp\htdocs\project1\vendor\codeigniter4\framework\system\Common.php(1097): CodeIgniter\View\View->render('dashboard/edit/...', Array, true)
#4 D:\xampp\htdocs\project1\app\Controllers\DashboardGallery.php(115): view('dashboard/edit/...', Array)
#5 D:\xampp\htdocs\project1\vendor\codeigniter4\framework\system\CodeIgniter.php(824): App\Controllers\DashboardGallery->edit('ini gambar 4')
#6 D:\xampp\htdocs\project1\vendor\codeigniter4\framework\system\CodeIgniter.php(410): CodeIgniter\CodeIgniter->runController(Object(App\Controllers\DashboardGallery))
#7 D:\xampp\htdocs\project1\vendor\codeigniter4\framework\system\CodeIgniter.php(318): CodeIgniter\CodeIgniter->handleRequest(NULL, Object(Config\Cache), false)
#8 D:\xampp\htdocs\project1\public\index.php(37): CodeIgniter\CodeIgniter->run()
#9 D:\xampp\htdocs\project1\vendor\codeigniter4\framework\system\Commands\Server\rewrite.php(43): require_once('D:\\xampp\\htdocs...')
#10 {main}
ERROR - 2021-12-07 12:19:32 --> Table 'projectsatu.hallery' doesn't exist
CRITICAL - 2021-12-07 12:19:32 --> Table 'projectsatu.hallery' doesn't exist
#0 D:\xampp\htdocs\project1\vendor\codeigniter4\framework\system\Database\MySQLi\Connection.php(292): mysqli->query('SELECT 1\nFROM `...', 0)
#1 D:\xampp\htdocs\project1\vendor\codeigniter4\framework\system\Database\BaseConnection.php(670): CodeIgniter\Database\MySQLi\Connection->execute('SELECT 1\nFROM `...')
#2 D:\xampp\htdocs\project1\vendor\codeigniter4\framework\system\Database\BaseConnection.php(598): CodeIgniter\Database\BaseConnection->simpleQuery('SELECT 1\nFROM `...')
#3 D:\xampp\htdocs\project1\vendor\codeigniter4\framework\system\Database\BaseBuilder.php(1443): CodeIgniter\Database\BaseConnection->query('SELECT 1\nFROM `...', Array, false)
#4 D:\xampp\htdocs\project1\vendor\codeigniter4\framework\system\Validation\Rules.php(161): CodeIgniter\Database\BaseBuilder->get()
#5 D:\xampp\htdocs\project1\vendor\codeigniter4\framework\system\Validation\Validation.php(277): CodeIgniter\Validation\Rules->is_unique('ini gambar 1', 'alt', Array, NULL)
#6 D:\xampp\htdocs\project1\vendor\codeigniter4\framework\system\Validation\Validation.php(151): CodeIgniter\Validation\Validation->processRules('alt', 'alt', 'ini gambar 1', Array, Array)
#7 D:\xampp\htdocs\project1\vendor\codeigniter4\framework\system\Controller.php(160): CodeIgniter\Validation\Validation->run()
#8 D:\xampp\htdocs\project1\app\Controllers\DashboardGallery.php(130): CodeIgniter\Controller->validate(Array)
#9 D:\xampp\htdocs\project1\vendor\codeigniter4\framework\system\CodeIgniter.php(824): App\Controllers\DashboardGallery->update('13')
#10 D:\xampp\htdocs\project1\vendor\codeigniter4\framework\system\CodeIgniter.php(410): CodeIgniter\CodeIgniter->runController(Object(App\Controllers\DashboardGallery))
#11 D:\xampp\htdocs\project1\vendor\codeigniter4\framework\system\CodeIgniter.php(318): CodeIgniter\CodeIgniter->handleRequest(NULL, Object(Config\Cache), false)
#12 D:\xampp\htdocs\project1\public\index.php(37): CodeIgniter\CodeIgniter->run()
#13 D:\xampp\htdocs\project1\vendor\codeigniter4\framework\system\Commands\Server\rewrite.php(43): require_once('D:\\xampp\\htdocs...')
#14 {main}
