CRITICAL - 2021-11-22 04:53:48 --> Call to undefined method App\Controllers\Login::verifyToken()
#0 D:\xampp\htdocs\root-test\vendor\codeigniter4\framework\system\CodeIgniter.php(824): App\Controllers\Login->resetpassword('c1993a3ee680329...')
#1 D:\xampp\htdocs\root-test\vendor\codeigniter4\framework\system\CodeIgniter.php(410): CodeIgniter\CodeIgniter->runController(Object(App\Controllers\Login))
#2 D:\xampp\htdocs\root-test\vendor\codeigniter4\framework\system\CodeIgniter.php(318): CodeIgniter\CodeIgniter->handleRequest(NULL, Object(Config\Cache), false)
#3 D:\xampp\htdocs\root-test\public\index.php(37): CodeIgniter\CodeIgniter->run()
#4 D:\xampp\htdocs\root-test\vendor\codeigniter4\framework\system\Commands\Server\rewrite.php(43): require_once('D:\\xampp\\htdocs...')
#5 {main}
CRITICAL - 2021-11-22 04:56:59 --> Call to undefined method App\Controllers\Login::checkExpiryDate()
#0 D:\xampp\htdocs\root-test\vendor\codeigniter4\framework\system\CodeIgniter.php(824): App\Controllers\Login->resetpassword('c1993a3ee680329...')
#1 D:\xampp\htdocs\root-test\vendor\codeigniter4\framework\system\CodeIgniter.php(410): CodeIgniter\CodeIgniter->runController(Object(App\Controllers\Login))
#2 D:\xampp\htdocs\root-test\vendor\codeigniter4\framework\system\CodeIgniter.php(318): CodeIgniter\CodeIgniter->handleRequest(NULL, Object(Config\Cache), false)
#3 D:\xampp\htdocs\root-test\public\index.php(37): CodeIgniter\CodeIgniter->run()
#4 D:\xampp\htdocs\root-test\vendor\codeigniter4\framework\system\Commands\Server\rewrite.php(43): require_once('D:\\xampp\\htdocs...')
#5 {main}
CRITICAL - 2021-11-22 04:57:01 --> Call to undefined method App\Controllers\Login::checkExpiryDate()
#0 D:\xampp\htdocs\root-test\vendor\codeigniter4\framework\system\CodeIgniter.php(824): App\Controllers\Login->resetpassword('c1993a3ee680329...')
#1 D:\xampp\htdocs\root-test\vendor\codeigniter4\framework\system\CodeIgniter.php(410): CodeIgniter\CodeIgniter->runController(Object(App\Controllers\Login))
#2 D:\xampp\htdocs\root-test\vendor\codeigniter4\framework\system\CodeIgniter.php(318): CodeIgniter\CodeIgniter->handleRequest(NULL, Object(Config\Cache), false)
#3 D:\xampp\htdocs\root-test\public\index.php(37): CodeIgniter\CodeIgniter->run()
#4 D:\xampp\htdocs\root-test\vendor\codeigniter4\framework\system\Commands\Server\rewrite.php(43): require_once('D:\\xampp\\htdocs...')
#5 {main}
CRITICAL - 2021-11-22 06:09:25 --> required!min_length is not a valid rule.
#0 D:\xampp\htdocs\root-test\vendor\codeigniter4\framework\system\Validation\Validation.php(285): CodeIgniter\Validation\Exceptions\ValidationException::forRuleNotFound('required!min_le...')
#1 D:\xampp\htdocs\root-test\vendor\codeigniter4\framework\system\Validation\Validation.php(151): CodeIgniter\Validation\Validation->processRules('pwd', 'password', '12345678', Array, Array)
#2 D:\xampp\htdocs\root-test\vendor\codeigniter4\framework\system\Controller.php(160): CodeIgniter\Validation\Validation->run()
#3 D:\xampp\htdocs\root-test\app\Controllers\Login.php(196): CodeIgniter\Controller->validate(Array)
#4 D:\xampp\htdocs\root-test\vendor\codeigniter4\framework\system\CodeIgniter.php(824): App\Controllers\Login->resetpassword('a4f968e3202ab03...')
#5 D:\xampp\htdocs\root-test\vendor\codeigniter4\framework\system\CodeIgniter.php(410): CodeIgniter\CodeIgniter->runController(Object(App\Controllers\Login))
#6 D:\xampp\htdocs\root-test\vendor\codeigniter4\framework\system\CodeIgniter.php(318): CodeIgniter\CodeIgniter->handleRequest(NULL, Object(Config\Cache), false)
#7 D:\xampp\htdocs\root-test\public\index.php(37): CodeIgniter\CodeIgniter->run()
#8 D:\xampp\htdocs\root-test\vendor\codeigniter4\framework\system\Commands\Server\rewrite.php(43): require_once('D:\\xampp\\htdocs...')
#9 {main}
CRITICAL - 2021-11-22 06:11:07 --> required!min_length is not a valid rule.
#0 D:\xampp\htdocs\root-test\vendor\codeigniter4\framework\system\Validation\Validation.php(285): CodeIgniter\Validation\Exceptions\ValidationException::forRuleNotFound('required!min_le...')
#1 D:\xampp\htdocs\root-test\vendor\codeigniter4\framework\system\Validation\Validation.php(151): CodeIgniter\Validation\Validation->processRules('pwd', 'password', 'sayasukakamu', Array, Array)
#2 D:\xampp\htdocs\root-test\vendor\codeigniter4\framework\system\Controller.php(160): CodeIgniter\Validation\Validation->run()
#3 D:\xampp\htdocs\root-test\app\Controllers\Login.php(196): CodeIgniter\Controller->validate(Array)
#4 D:\xampp\htdocs\root-test\vendor\codeigniter4\framework\system\CodeIgniter.php(824): App\Controllers\Login->resetpassword('a4f968e3202ab03...')
#5 D:\xampp\htdocs\root-test\vendor\codeigniter4\framework\system\CodeIgniter.php(410): CodeIgniter\CodeIgniter->runController(Object(App\Controllers\Login))
#6 D:\xampp\htdocs\root-test\vendor\codeigniter4\framework\system\CodeIgniter.php(318): CodeIgniter\CodeIgniter->handleRequest(NULL, Object(Config\Cache), false)
#7 D:\xampp\htdocs\root-test\public\index.php(37): CodeIgniter\CodeIgniter->run()
#8 D:\xampp\htdocs\root-test\vendor\codeigniter4\framework\system\Commands\Server\rewrite.php(43): require_once('D:\\xampp\\htdocs...')
#9 {main}
CRITICAL - 2021-11-22 06:19:40 --> CodeIgniter\HTTP\Request::fetchGlobal(): Argument #3 ($filter) must be of type ?int, string given, called in D:\xampp\htdocs\root-test\vendor\codeigniter4\framework\system\HTTP\IncomingRequest.php on line 501
#0 D:\xampp\htdocs\root-test\vendor\codeigniter4\framework\system\HTTP\IncomingRequest.php(501): CodeIgniter\HTTP\Request->fetchGlobal('request', 'pass', '2y', NULL)
#1 D:\xampp\htdocs\root-test\app\Controllers\Login.php(199): CodeIgniter\HTTP\IncomingRequest->getVar('pass', '2y')
#2 D:\xampp\htdocs\root-test\vendor\codeigniter4\framework\system\CodeIgniter.php(824): App\Controllers\Login->resetpassword('a4f968e3202ab03...')
#3 D:\xampp\htdocs\root-test\vendor\codeigniter4\framework\system\CodeIgniter.php(410): CodeIgniter\CodeIgniter->runController(Object(App\Controllers\Login))
#4 D:\xampp\htdocs\root-test\vendor\codeigniter4\framework\system\CodeIgniter.php(318): CodeIgniter\CodeIgniter->handleRequest(NULL, Object(Config\Cache), false)
#5 D:\xampp\htdocs\root-test\public\index.php(37): CodeIgniter\CodeIgniter->run()
#6 D:\xampp\htdocs\root-test\vendor\codeigniter4\framework\system\Commands\Server\rewrite.php(43): require_once('D:\\xampp\\htdocs...')
#7 {main}
CRITICAL - 2021-11-22 06:50:46 --> Maximum execution time of 60 seconds exceeded
#0 [internal function]: CodeIgniter\Debug\Exceptions->shutdownHandler()
#1 {main}
CRITICAL - 2021-11-22 07:49:31 --> Maximum execution time of 60 seconds exceeded
#0 [internal function]: CodeIgniter\Debug\Exceptions->shutdownHandler()
#1 {main}
CRITICAL - 2021-11-22 07:51:20 --> Maximum execution time of 60 seconds exceeded
#0 [internal function]: CodeIgniter\Debug\Exceptions->shutdownHandler()
#1 {main}
CRITICAL - 2021-11-22 08:55:05 --> Undefined variable $userdata
#0 D:\xampp\htdocs\root-test\app\Views\dashboard\index.php(9): CodeIgniter\Debug\Exceptions->errorHandler(2, 'Undefined varia...', 'D:\\xampp\\htdocs...', 9)
#1 D:\xampp\htdocs\root-test\vendor\codeigniter4\framework\system\View\View.php(214): include('D:\\xampp\\htdocs...')
#2 D:\xampp\htdocs\root-test\vendor\codeigniter4\framework\system\View\View.php(217): CodeIgniter\View\View->CodeIgniter\View\{closure}()
#3 D:\xampp\htdocs\root-test\vendor\codeigniter4\framework\system\Common.php(1097): CodeIgniter\View\View->render('dashboard/index', Array, true)
#4 D:\xampp\htdocs\root-test\app\Controllers\Dashboard.php(26): view('dashboard/index', Array)
#5 D:\xampp\htdocs\root-test\vendor\codeigniter4\framework\system\CodeIgniter.php(824): App\Controllers\Dashboard->index()
#6 D:\xampp\htdocs\root-test\vendor\codeigniter4\framework\system\CodeIgniter.php(410): CodeIgniter\CodeIgniter->runController(Object(App\Controllers\Dashboard))
#7 D:\xampp\htdocs\root-test\vendor\codeigniter4\framework\system\CodeIgniter.php(318): CodeIgniter\CodeIgniter->handleRequest(NULL, Object(Config\Cache), false)
#8 D:\xampp\htdocs\root-test\public\index.php(37): CodeIgniter\CodeIgniter->run()
#9 D:\xampp\htdocs\root-test\vendor\codeigniter4\framework\system\Commands\Server\rewrite.php(43): require_once('D:\\xampp\\htdocs...')
#10 {main}
CRITICAL - 2021-11-22 08:56:52 --> Undefined variable $userdata
#0 D:\xampp\htdocs\root-test\app\Views\dashboard\index.php(9): CodeIgniter\Debug\Exceptions->errorHandler(2, 'Undefined varia...', 'D:\\xampp\\htdocs...', 9)
#1 D:\xampp\htdocs\root-test\vendor\codeigniter4\framework\system\View\View.php(214): include('D:\\xampp\\htdocs...')
#2 D:\xampp\htdocs\root-test\vendor\codeigniter4\framework\system\View\View.php(217): CodeIgniter\View\View->CodeIgniter\View\{closure}()
#3 D:\xampp\htdocs\root-test\vendor\codeigniter4\framework\system\Common.php(1097): CodeIgniter\View\View->render('dashboard/index', Array, true)
#4 D:\xampp\htdocs\root-test\app\Controllers\Dashboard.php(26): view('dashboard/index', Array)
#5 D:\xampp\htdocs\root-test\vendor\codeigniter4\framework\system\CodeIgniter.php(824): App\Controllers\Dashboard->index()
#6 D:\xampp\htdocs\root-test\vendor\codeigniter4\framework\system\CodeIgniter.php(410): CodeIgniter\CodeIgniter->runController(Object(App\Controllers\Dashboard))
#7 D:\xampp\htdocs\root-test\vendor\codeigniter4\framework\system\CodeIgniter.php(318): CodeIgniter\CodeIgniter->handleRequest(NULL, Object(Config\Cache), false)
#8 D:\xampp\htdocs\root-test\public\index.php(37): CodeIgniter\CodeIgniter->run()
#9 D:\xampp\htdocs\root-test\vendor\codeigniter4\framework\system\Commands\Server\rewrite.php(43): require_once('D:\\xampp\\htdocs...')
#10 {main}
CRITICAL - 2021-11-22 08:56:55 --> Undefined variable $userdata
#0 D:\xampp\htdocs\root-test\app\Views\dashboard\index.php(9): CodeIgniter\Debug\Exceptions->errorHandler(2, 'Undefined varia...', 'D:\\xampp\\htdocs...', 9)
#1 D:\xampp\htdocs\root-test\vendor\codeigniter4\framework\system\View\View.php(214): include('D:\\xampp\\htdocs...')
#2 D:\xampp\htdocs\root-test\vendor\codeigniter4\framework\system\View\View.php(217): CodeIgniter\View\View->CodeIgniter\View\{closure}()
#3 D:\xampp\htdocs\root-test\vendor\codeigniter4\framework\system\Common.php(1097): CodeIgniter\View\View->render('dashboard/index', Array, true)
#4 D:\xampp\htdocs\root-test\app\Controllers\Dashboard.php(26): view('dashboard/index', Array)
#5 D:\xampp\htdocs\root-test\vendor\codeigniter4\framework\system\CodeIgniter.php(824): App\Controllers\Dashboard->index()
#6 D:\xampp\htdocs\root-test\vendor\codeigniter4\framework\system\CodeIgniter.php(410): CodeIgniter\CodeIgniter->runController(Object(App\Controllers\Dashboard))
#7 D:\xampp\htdocs\root-test\vendor\codeigniter4\framework\system\CodeIgniter.php(318): CodeIgniter\CodeIgniter->handleRequest(NULL, Object(Config\Cache), false)
#8 D:\xampp\htdocs\root-test\public\index.php(37): CodeIgniter\CodeIgniter->run()
#9 D:\xampp\htdocs\root-test\vendor\codeigniter4\framework\system\Commands\Server\rewrite.php(43): require_once('D:\\xampp\\htdocs...')
#10 {main}
