CRITICAL - 2021-11-21 05:40:06 --> You must set the database table to be used with your query.
#0 D:\xampp\htdocs\root-test\vendor\codeigniter4\framework\system\Model.php(545): CodeIgniter\Database\BaseConnection->table(NULL)
#1 D:\xampp\htdocs\root-test\vendor\codeigniter4\framework\system\Model.php(717): CodeIgniter\Model->builder()
#2 D:\xampp\htdocs\root-test\app\Controllers\Dashboard.php(29): CodeIgniter\Model->__call('updateLogoutTIm...', Array)
#3 D:\xampp\htdocs\root-test\vendor\codeigniter4\framework\system\CodeIgniter.php(824): App\Controllers\Dashboard->logout()
#4 D:\xampp\htdocs\root-test\vendor\codeigniter4\framework\system\CodeIgniter.php(410): CodeIgniter\CodeIgniter->runController(Object(App\Controllers\Dashboard))
#5 D:\xampp\htdocs\root-test\vendor\codeigniter4\framework\system\CodeIgniter.php(318): CodeIgniter\CodeIgniter->handleRequest(NULL, Object(Config\Cache), false)
#6 D:\xampp\htdocs\root-test\public\index.php(37): CodeIgniter\CodeIgniter->run()
#7 D:\xampp\htdocs\root-test\vendor\codeigniter4\framework\system\Commands\Server\rewrite.php(43): require_once('D:\\xampp\\htdocs...')
#8 {main}
CRITICAL - 2021-11-21 06:20:20 --> count(): Argument #1 ($value) must be of type Countable|array, bool given
#0 D:\xampp\htdocs\root-test\vendor\codeigniter4\framework\system\View\View.php(214): include()
#1 D:\xampp\htdocs\root-test\vendor\codeigniter4\framework\system\View\View.php(217): CodeIgniter\View\View->CodeIgniter\View\{closure}()
#2 D:\xampp\htdocs\root-test\vendor\codeigniter4\framework\system\Common.php(1097): CodeIgniter\View\View->render('dashboard/login...', Array, true)
#3 D:\xampp\htdocs\root-test\app\Controllers\Dashboard.php(40): view('dashboard/login...', Array)
#4 D:\xampp\htdocs\root-test\vendor\codeigniter4\framework\system\CodeIgniter.php(824): App\Controllers\Dashboard->loginactivity()
#5 D:\xampp\htdocs\root-test\vendor\codeigniter4\framework\system\CodeIgniter.php(410): CodeIgniter\CodeIgniter->runController(Object(App\Controllers\Dashboard))
#6 D:\xampp\htdocs\root-test\vendor\codeigniter4\framework\system\CodeIgniter.php(318): CodeIgniter\CodeIgniter->handleRequest(NULL, Object(Config\Cache), false)
#7 D:\xampp\htdocs\root-test\public\index.php(37): CodeIgniter\CodeIgniter->run()
#8 D:\xampp\htdocs\root-test\vendor\codeigniter4\framework\system\Commands\Server\rewrite.php(43): require_once('D:\\xampp\\htdocs...')
#9 {main}
CRITICAL - 2021-11-21 06:21:58 --> count(): Argument #1 ($value) must be of type Countable|array, null given
#0 D:\xampp\htdocs\root-test\vendor\codeigniter4\framework\system\View\View.php(214): include()
#1 D:\xampp\htdocs\root-test\vendor\codeigniter4\framework\system\View\View.php(217): CodeIgniter\View\View->CodeIgniter\View\{closure}()
#2 D:\xampp\htdocs\root-test\vendor\codeigniter4\framework\system\Common.php(1097): CodeIgniter\View\View->render('dashboard/login...', Array, true)
#3 D:\xampp\htdocs\root-test\app\Controllers\Dashboard.php(40): view('dashboard/login...', Array)
#4 D:\xampp\htdocs\root-test\vendor\codeigniter4\framework\system\CodeIgniter.php(824): App\Controllers\Dashboard->loginactivity()
#5 D:\xampp\htdocs\root-test\vendor\codeigniter4\framework\system\CodeIgniter.php(410): CodeIgniter\CodeIgniter->runController(Object(App\Controllers\Dashboard))
#6 D:\xampp\htdocs\root-test\vendor\codeigniter4\framework\system\CodeIgniter.php(318): CodeIgniter\CodeIgniter->handleRequest(NULL, Object(Config\Cache), false)
#7 D:\xampp\htdocs\root-test\public\index.php(37): CodeIgniter\CodeIgniter->run()
#8 D:\xampp\htdocs\root-test\vendor\codeigniter4\framework\system\Commands\Server\rewrite.php(43): require_once('D:\\xampp\\htdocs...')
#9 {main}
CRITICAL - 2021-11-21 06:22:44 --> count(): Argument #1 ($value) must be of type Countable|array, bool given
#0 D:\xampp\htdocs\root-test\vendor\codeigniter4\framework\system\View\View.php(214): include()
#1 D:\xampp\htdocs\root-test\vendor\codeigniter4\framework\system\View\View.php(217): CodeIgniter\View\View->CodeIgniter\View\{closure}()
#2 D:\xampp\htdocs\root-test\vendor\codeigniter4\framework\system\Common.php(1097): CodeIgniter\View\View->render('dashboard/login...', Array, true)
#3 D:\xampp\htdocs\root-test\app\Controllers\Dashboard.php(40): view('dashboard/login...', Array)
#4 D:\xampp\htdocs\root-test\vendor\codeigniter4\framework\system\CodeIgniter.php(824): App\Controllers\Dashboard->loginactivity()
#5 D:\xampp\htdocs\root-test\vendor\codeigniter4\framework\system\CodeIgniter.php(410): CodeIgniter\CodeIgniter->runController(Object(App\Controllers\Dashboard))
#6 D:\xampp\htdocs\root-test\vendor\codeigniter4\framework\system\CodeIgniter.php(318): CodeIgniter\CodeIgniter->handleRequest(NULL, Object(Config\Cache), false)
#7 D:\xampp\htdocs\root-test\public\index.php(37): CodeIgniter\CodeIgniter->run()
#8 D:\xampp\htdocs\root-test\vendor\codeigniter4\framework\system\Commands\Server\rewrite.php(43): require_once('D:\\xampp\\htdocs...')
#9 {main}
CRITICAL - 2021-11-21 06:27:50 --> count(): Argument #1 ($value) must be of type Countable|array, bool given
#0 D:\xampp\htdocs\root-test\vendor\codeigniter4\framework\system\View\View.php(214): include()
#1 D:\xampp\htdocs\root-test\vendor\codeigniter4\framework\system\View\View.php(217): CodeIgniter\View\View->CodeIgniter\View\{closure}()
#2 D:\xampp\htdocs\root-test\vendor\codeigniter4\framework\system\Common.php(1097): CodeIgniter\View\View->render('dashboard/login...', Array, true)
#3 D:\xampp\htdocs\root-test\app\Controllers\Dashboard.php(40): view('dashboard/login...', Array)
#4 D:\xampp\htdocs\root-test\vendor\codeigniter4\framework\system\CodeIgniter.php(824): App\Controllers\Dashboard->loginactivity()
#5 D:\xampp\htdocs\root-test\vendor\codeigniter4\framework\system\CodeIgniter.php(410): CodeIgniter\CodeIgniter->runController(Object(App\Controllers\Dashboard))
#6 D:\xampp\htdocs\root-test\vendor\codeigniter4\framework\system\CodeIgniter.php(318): CodeIgniter\CodeIgniter->handleRequest(NULL, Object(Config\Cache), false)
#7 D:\xampp\htdocs\root-test\public\index.php(37): CodeIgniter\CodeIgniter->run()
#8 D:\xampp\htdocs\root-test\vendor\codeigniter4\framework\system\Commands\Server\rewrite.php(43): require_once('D:\\xampp\\htdocs...')
#9 {main}
CRITICAL - 2021-11-21 06:27:52 --> count(): Argument #1 ($value) must be of type Countable|array, bool given
#0 D:\xampp\htdocs\root-test\vendor\codeigniter4\framework\system\View\View.php(214): include()
#1 D:\xampp\htdocs\root-test\vendor\codeigniter4\framework\system\View\View.php(217): CodeIgniter\View\View->CodeIgniter\View\{closure}()
#2 D:\xampp\htdocs\root-test\vendor\codeigniter4\framework\system\Common.php(1097): CodeIgniter\View\View->render('dashboard/login...', Array, true)
#3 D:\xampp\htdocs\root-test\app\Controllers\Dashboard.php(40): view('dashboard/login...', Array)
#4 D:\xampp\htdocs\root-test\vendor\codeigniter4\framework\system\CodeIgniter.php(824): App\Controllers\Dashboard->loginactivity()
#5 D:\xampp\htdocs\root-test\vendor\codeigniter4\framework\system\CodeIgniter.php(410): CodeIgniter\CodeIgniter->runController(Object(App\Controllers\Dashboard))
#6 D:\xampp\htdocs\root-test\vendor\codeigniter4\framework\system\CodeIgniter.php(318): CodeIgniter\CodeIgniter->handleRequest(NULL, Object(Config\Cache), false)
#7 D:\xampp\htdocs\root-test\public\index.php(37): CodeIgniter\CodeIgniter->run()
#8 D:\xampp\htdocs\root-test\vendor\codeigniter4\framework\system\Commands\Server\rewrite.php(43): require_once('D:\\xampp\\htdocs...')
#9 {main}
CRITICAL - 2021-11-21 06:27:53 --> count(): Argument #1 ($value) must be of type Countable|array, bool given
#0 D:\xampp\htdocs\root-test\vendor\codeigniter4\framework\system\View\View.php(214): include()
#1 D:\xampp\htdocs\root-test\vendor\codeigniter4\framework\system\View\View.php(217): CodeIgniter\View\View->CodeIgniter\View\{closure}()
#2 D:\xampp\htdocs\root-test\vendor\codeigniter4\framework\system\Common.php(1097): CodeIgniter\View\View->render('dashboard/login...', Array, true)
#3 D:\xampp\htdocs\root-test\app\Controllers\Dashboard.php(40): view('dashboard/login...', Array)
#4 D:\xampp\htdocs\root-test\vendor\codeigniter4\framework\system\CodeIgniter.php(824): App\Controllers\Dashboard->loginactivity()
#5 D:\xampp\htdocs\root-test\vendor\codeigniter4\framework\system\CodeIgniter.php(410): CodeIgniter\CodeIgniter->runController(Object(App\Controllers\Dashboard))
#6 D:\xampp\htdocs\root-test\vendor\codeigniter4\framework\system\CodeIgniter.php(318): CodeIgniter\CodeIgniter->handleRequest(NULL, Object(Config\Cache), false)
#7 D:\xampp\htdocs\root-test\public\index.php(37): CodeIgniter\CodeIgniter->run()
#8 D:\xampp\htdocs\root-test\vendor\codeigniter4\framework\system\Commands\Server\rewrite.php(43): require_once('D:\\xampp\\htdocs...')
#9 {main}
CRITICAL - 2021-11-21 06:29:17 --> count(): Argument #1 ($value) must be of type Countable|array, bool given
#0 D:\xampp\htdocs\root-test\vendor\codeigniter4\framework\system\View\View.php(214): include()
#1 D:\xampp\htdocs\root-test\vendor\codeigniter4\framework\system\View\View.php(217): CodeIgniter\View\View->CodeIgniter\View\{closure}()
#2 D:\xampp\htdocs\root-test\vendor\codeigniter4\framework\system\Common.php(1097): CodeIgniter\View\View->render('dashboard/login...', Array, true)
#3 D:\xampp\htdocs\root-test\app\Controllers\Dashboard.php(40): view('dashboard/login...', Array)
#4 D:\xampp\htdocs\root-test\vendor\codeigniter4\framework\system\CodeIgniter.php(824): App\Controllers\Dashboard->loginactivity()
#5 D:\xampp\htdocs\root-test\vendor\codeigniter4\framework\system\CodeIgniter.php(410): CodeIgniter\CodeIgniter->runController(Object(App\Controllers\Dashboard))
#6 D:\xampp\htdocs\root-test\vendor\codeigniter4\framework\system\CodeIgniter.php(318): CodeIgniter\CodeIgniter->handleRequest(NULL, Object(Config\Cache), false)
#7 D:\xampp\htdocs\root-test\public\index.php(37): CodeIgniter\CodeIgniter->run()
#8 D:\xampp\htdocs\root-test\vendor\codeigniter4\framework\system\Commands\Server\rewrite.php(43): require_once('D:\\xampp\\htdocs...')
#9 {main}
CRITICAL - 2021-11-21 06:29:31 --> count(): Argument #1 ($value) must be of type Countable|array, bool given
#0 D:\xampp\htdocs\root-test\vendor\codeigniter4\framework\system\View\View.php(214): include()
#1 D:\xampp\htdocs\root-test\vendor\codeigniter4\framework\system\View\View.php(217): CodeIgniter\View\View->CodeIgniter\View\{closure}()
#2 D:\xampp\htdocs\root-test\vendor\codeigniter4\framework\system\Common.php(1097): CodeIgniter\View\View->render('dashboard/login...', Array, true)
#3 D:\xampp\htdocs\root-test\app\Controllers\Dashboard.php(40): view('dashboard/login...', Array)
#4 D:\xampp\htdocs\root-test\vendor\codeigniter4\framework\system\CodeIgniter.php(824): App\Controllers\Dashboard->loginactivity()
#5 D:\xampp\htdocs\root-test\vendor\codeigniter4\framework\system\CodeIgniter.php(410): CodeIgniter\CodeIgniter->runController(Object(App\Controllers\Dashboard))
#6 D:\xampp\htdocs\root-test\vendor\codeigniter4\framework\system\CodeIgniter.php(318): CodeIgniter\CodeIgniter->handleRequest(NULL, Object(Config\Cache), false)
#7 D:\xampp\htdocs\root-test\public\index.php(37): CodeIgniter\CodeIgniter->run()
#8 D:\xampp\htdocs\root-test\vendor\codeigniter4\framework\system\Commands\Server\rewrite.php(43): require_once('D:\\xampp\\htdocs...')
#9 {main}
CRITICAL - 2021-11-21 06:31:03 --> count(): Argument #1 ($value) must be of type Countable|array, bool given
#0 D:\xampp\htdocs\root-test\vendor\codeigniter4\framework\system\View\View.php(214): include()
#1 D:\xampp\htdocs\root-test\vendor\codeigniter4\framework\system\View\View.php(217): CodeIgniter\View\View->CodeIgniter\View\{closure}()
#2 D:\xampp\htdocs\root-test\vendor\codeigniter4\framework\system\Common.php(1097): CodeIgniter\View\View->render('dashboard/login...', Array, true)
#3 D:\xampp\htdocs\root-test\app\Controllers\Dashboard.php(40): view('dashboard/login...', Array)
#4 D:\xampp\htdocs\root-test\vendor\codeigniter4\framework\system\CodeIgniter.php(824): App\Controllers\Dashboard->loginactivity()
#5 D:\xampp\htdocs\root-test\vendor\codeigniter4\framework\system\CodeIgniter.php(410): CodeIgniter\CodeIgniter->runController(Object(App\Controllers\Dashboard))
#6 D:\xampp\htdocs\root-test\vendor\codeigniter4\framework\system\CodeIgniter.php(318): CodeIgniter\CodeIgniter->handleRequest(NULL, Object(Config\Cache), false)
#7 D:\xampp\htdocs\root-test\public\index.php(37): CodeIgniter\CodeIgniter->run()
#8 D:\xampp\htdocs\root-test\vendor\codeigniter4\framework\system\Commands\Server\rewrite.php(43): require_once('D:\\xampp\\htdocs...')
#9 {main}
CRITICAL - 2021-11-21 06:37:36 --> count(): Argument #1 ($value) must be of type Countable|array, bool given
#0 D:\xampp\htdocs\root-test\vendor\codeigniter4\framework\system\View\View.php(214): include()
#1 D:\xampp\htdocs\root-test\vendor\codeigniter4\framework\system\View\View.php(217): CodeIgniter\View\View->CodeIgniter\View\{closure}()
#2 D:\xampp\htdocs\root-test\vendor\codeigniter4\framework\system\Common.php(1097): CodeIgniter\View\View->render('dashboard/login...', Array, true)
#3 D:\xampp\htdocs\root-test\app\Controllers\Dashboard.php(40): view('dashboard/login...', Array)
#4 D:\xampp\htdocs\root-test\vendor\codeigniter4\framework\system\CodeIgniter.php(824): App\Controllers\Dashboard->loginactivity()
#5 D:\xampp\htdocs\root-test\vendor\codeigniter4\framework\system\CodeIgniter.php(410): CodeIgniter\CodeIgniter->runController(Object(App\Controllers\Dashboard))
#6 D:\xampp\htdocs\root-test\vendor\codeigniter4\framework\system\CodeIgniter.php(318): CodeIgniter\CodeIgniter->handleRequest(NULL, Object(Config\Cache), false)
#7 D:\xampp\htdocs\root-test\public\index.php(37): CodeIgniter\CodeIgniter->run()
#8 D:\xampp\htdocs\root-test\vendor\codeigniter4\framework\system\Commands\Server\rewrite.php(43): require_once('D:\\xampp\\htdocs...')
#9 {main}
CRITICAL - 2021-11-21 06:37:37 --> count(): Argument #1 ($value) must be of type Countable|array, bool given
#0 D:\xampp\htdocs\root-test\vendor\codeigniter4\framework\system\View\View.php(214): include()
#1 D:\xampp\htdocs\root-test\vendor\codeigniter4\framework\system\View\View.php(217): CodeIgniter\View\View->CodeIgniter\View\{closure}()
#2 D:\xampp\htdocs\root-test\vendor\codeigniter4\framework\system\Common.php(1097): CodeIgniter\View\View->render('dashboard/login...', Array, true)
#3 D:\xampp\htdocs\root-test\app\Controllers\Dashboard.php(40): view('dashboard/login...', Array)
#4 D:\xampp\htdocs\root-test\vendor\codeigniter4\framework\system\CodeIgniter.php(824): App\Controllers\Dashboard->loginactivity()
#5 D:\xampp\htdocs\root-test\vendor\codeigniter4\framework\system\CodeIgniter.php(410): CodeIgniter\CodeIgniter->runController(Object(App\Controllers\Dashboard))
#6 D:\xampp\htdocs\root-test\vendor\codeigniter4\framework\system\CodeIgniter.php(318): CodeIgniter\CodeIgniter->handleRequest(NULL, Object(Config\Cache), false)
#7 D:\xampp\htdocs\root-test\public\index.php(37): CodeIgniter\CodeIgniter->run()
#8 D:\xampp\htdocs\root-test\vendor\codeigniter4\framework\system\Commands\Server\rewrite.php(43): require_once('D:\\xampp\\htdocs...')
#9 {main}
CRITICAL - 2021-11-21 06:39:42 --> count(): Argument #1 ($value) must be of type Countable|array, null given
#0 D:\xampp\htdocs\root-test\vendor\codeigniter4\framework\system\View\View.php(214): include()
#1 D:\xampp\htdocs\root-test\vendor\codeigniter4\framework\system\View\View.php(217): CodeIgniter\View\View->CodeIgniter\View\{closure}()
#2 D:\xampp\htdocs\root-test\vendor\codeigniter4\framework\system\Common.php(1097): CodeIgniter\View\View->render('dashboard/login...', Array, true)
#3 D:\xampp\htdocs\root-test\app\Controllers\Dashboard.php(40): view('dashboard/login...', Array)
#4 D:\xampp\htdocs\root-test\vendor\codeigniter4\framework\system\CodeIgniter.php(824): App\Controllers\Dashboard->loginactivity()
#5 D:\xampp\htdocs\root-test\vendor\codeigniter4\framework\system\CodeIgniter.php(410): CodeIgniter\CodeIgniter->runController(Object(App\Controllers\Dashboard))
#6 D:\xampp\htdocs\root-test\vendor\codeigniter4\framework\system\CodeIgniter.php(318): CodeIgniter\CodeIgniter->handleRequest(NULL, Object(Config\Cache), false)
#7 D:\xampp\htdocs\root-test\public\index.php(37): CodeIgniter\CodeIgniter->run()
#8 D:\xampp\htdocs\root-test\vendor\codeigniter4\framework\system\Commands\Server\rewrite.php(43): require_once('D:\\xampp\\htdocs...')
#9 {main}
CRITICAL - 2021-11-21 06:39:44 --> count(): Argument #1 ($value) must be of type Countable|array, null given
#0 D:\xampp\htdocs\root-test\vendor\codeigniter4\framework\system\View\View.php(214): include()
#1 D:\xampp\htdocs\root-test\vendor\codeigniter4\framework\system\View\View.php(217): CodeIgniter\View\View->CodeIgniter\View\{closure}()
#2 D:\xampp\htdocs\root-test\vendor\codeigniter4\framework\system\Common.php(1097): CodeIgniter\View\View->render('dashboard/login...', Array, true)
#3 D:\xampp\htdocs\root-test\app\Controllers\Dashboard.php(40): view('dashboard/login...', Array)
#4 D:\xampp\htdocs\root-test\vendor\codeigniter4\framework\system\CodeIgniter.php(824): App\Controllers\Dashboard->loginactivity()
#5 D:\xampp\htdocs\root-test\vendor\codeigniter4\framework\system\CodeIgniter.php(410): CodeIgniter\CodeIgniter->runController(Object(App\Controllers\Dashboard))
#6 D:\xampp\htdocs\root-test\vendor\codeigniter4\framework\system\CodeIgniter.php(318): CodeIgniter\CodeIgniter->handleRequest(NULL, Object(Config\Cache), false)
#7 D:\xampp\htdocs\root-test\public\index.php(37): CodeIgniter\CodeIgniter->run()
#8 D:\xampp\htdocs\root-test\vendor\codeigniter4\framework\system\Commands\Server\rewrite.php(43): require_once('D:\\xampp\\htdocs...')
#9 {main}
CRITICAL - 2021-11-21 06:43:45 --> count(): Argument #1 ($value) must be of type Countable|array, bool given
#0 D:\xampp\htdocs\root-test\vendor\codeigniter4\framework\system\View\View.php(214): include()
#1 D:\xampp\htdocs\root-test\vendor\codeigniter4\framework\system\View\View.php(217): CodeIgniter\View\View->CodeIgniter\View\{closure}()
#2 D:\xampp\htdocs\root-test\vendor\codeigniter4\framework\system\Common.php(1097): CodeIgniter\View\View->render('dashboard/login...', Array, true)
#3 D:\xampp\htdocs\root-test\app\Controllers\Dashboard.php(40): view('dashboard/login...', Array)
#4 D:\xampp\htdocs\root-test\vendor\codeigniter4\framework\system\CodeIgniter.php(824): App\Controllers\Dashboard->loginactivity()
#5 D:\xampp\htdocs\root-test\vendor\codeigniter4\framework\system\CodeIgniter.php(410): CodeIgniter\CodeIgniter->runController(Object(App\Controllers\Dashboard))
#6 D:\xampp\htdocs\root-test\vendor\codeigniter4\framework\system\CodeIgniter.php(318): CodeIgniter\CodeIgniter->handleRequest(NULL, Object(Config\Cache), false)
#7 D:\xampp\htdocs\root-test\public\index.php(37): CodeIgniter\CodeIgniter->run()
#8 D:\xampp\htdocs\root-test\vendor\codeigniter4\framework\system\Commands\Server\rewrite.php(43): require_once('D:\\xampp\\htdocs...')
#9 {main}
CRITICAL - 2021-11-21 06:45:14 --> count(): Argument #1 ($value) must be of type Countable|array, bool given
#0 D:\xampp\htdocs\root-test\vendor\codeigniter4\framework\system\View\View.php(214): include()
#1 D:\xampp\htdocs\root-test\vendor\codeigniter4\framework\system\View\View.php(217): CodeIgniter\View\View->CodeIgniter\View\{closure}()
#2 D:\xampp\htdocs\root-test\vendor\codeigniter4\framework\system\Common.php(1097): CodeIgniter\View\View->render('dashboard/login...', Array, true)
#3 D:\xampp\htdocs\root-test\app\Controllers\Dashboard.php(40): view('dashboard/login...', Array)
#4 D:\xampp\htdocs\root-test\vendor\codeigniter4\framework\system\CodeIgniter.php(824): App\Controllers\Dashboard->loginactivity()
#5 D:\xampp\htdocs\root-test\vendor\codeigniter4\framework\system\CodeIgniter.php(410): CodeIgniter\CodeIgniter->runController(Object(App\Controllers\Dashboard))
#6 D:\xampp\htdocs\root-test\vendor\codeigniter4\framework\system\CodeIgniter.php(318): CodeIgniter\CodeIgniter->handleRequest(NULL, Object(Config\Cache), false)
#7 D:\xampp\htdocs\root-test\public\index.php(37): CodeIgniter\CodeIgniter->run()
#8 D:\xampp\htdocs\root-test\vendor\codeigniter4\framework\system\Commands\Server\rewrite.php(43): require_once('D:\\xampp\\htdocs...')
#9 {main}
CRITICAL - 2021-11-21 06:45:16 --> count(): Argument #1 ($value) must be of type Countable|array, bool given
#0 D:\xampp\htdocs\root-test\vendor\codeigniter4\framework\system\View\View.php(214): include()
#1 D:\xampp\htdocs\root-test\vendor\codeigniter4\framework\system\View\View.php(217): CodeIgniter\View\View->CodeIgniter\View\{closure}()
#2 D:\xampp\htdocs\root-test\vendor\codeigniter4\framework\system\Common.php(1097): CodeIgniter\View\View->render('dashboard/login...', Array, true)
#3 D:\xampp\htdocs\root-test\app\Controllers\Dashboard.php(40): view('dashboard/login...', Array)
#4 D:\xampp\htdocs\root-test\vendor\codeigniter4\framework\system\CodeIgniter.php(824): App\Controllers\Dashboard->loginactivity()
#5 D:\xampp\htdocs\root-test\vendor\codeigniter4\framework\system\CodeIgniter.php(410): CodeIgniter\CodeIgniter->runController(Object(App\Controllers\Dashboard))
#6 D:\xampp\htdocs\root-test\vendor\codeigniter4\framework\system\CodeIgniter.php(318): CodeIgniter\CodeIgniter->handleRequest(NULL, Object(Config\Cache), false)
#7 D:\xampp\htdocs\root-test\public\index.php(37): CodeIgniter\CodeIgniter->run()
#8 D:\xampp\htdocs\root-test\vendor\codeigniter4\framework\system\Commands\Server\rewrite.php(43): require_once('D:\\xampp\\htdocs...')
#9 {main}
CRITICAL - 2021-11-21 06:50:41 --> count(): Argument #1 ($value) must be of type Countable|array, bool given
#0 D:\xampp\htdocs\root-test\vendor\codeigniter4\framework\system\View\View.php(214): include()
#1 D:\xampp\htdocs\root-test\vendor\codeigniter4\framework\system\View\View.php(217): CodeIgniter\View\View->CodeIgniter\View\{closure}()
#2 D:\xampp\htdocs\root-test\vendor\codeigniter4\framework\system\Common.php(1097): CodeIgniter\View\View->render('dashboard/login...', Array, true)
#3 D:\xampp\htdocs\root-test\app\Controllers\Dashboard.php(40): view('dashboard/login...', Array)
#4 D:\xampp\htdocs\root-test\vendor\codeigniter4\framework\system\CodeIgniter.php(824): App\Controllers\Dashboard->loginactivity()
#5 D:\xampp\htdocs\root-test\vendor\codeigniter4\framework\system\CodeIgniter.php(410): CodeIgniter\CodeIgniter->runController(Object(App\Controllers\Dashboard))
#6 D:\xampp\htdocs\root-test\vendor\codeigniter4\framework\system\CodeIgniter.php(318): CodeIgniter\CodeIgniter->handleRequest(NULL, Object(Config\Cache), false)
#7 D:\xampp\htdocs\root-test\public\index.php(37): CodeIgniter\CodeIgniter->run()
#8 D:\xampp\htdocs\root-test\vendor\codeigniter4\framework\system\Commands\Server\rewrite.php(43): require_once('D:\\xampp\\htdocs...')
#9 {main}
CRITICAL - 2021-11-21 09:02:00 -->  max_size is not a valid rule.
#0 D:\xampp\htdocs\root-test\vendor\codeigniter4\framework\system\Validation\Validation.php(285): CodeIgniter\Validation\Exceptions\ValidationException::forRuleNotFound(' max_size')
#1 D:\xampp\htdocs\root-test\vendor\codeigniter4\framework\system\Validation\Validation.php(151): CodeIgniter\Validation\Validation->processRules('avatar', 'avatar', NULL, Array, Array)
#2 D:\xampp\htdocs\root-test\vendor\codeigniter4\framework\system\Controller.php(160): CodeIgniter\Validation\Validation->run()
#3 D:\xampp\htdocs\root-test\app\Controllers\FileUpload.php(22): CodeIgniter\Controller->validate(Array)
#4 D:\xampp\htdocs\root-test\vendor\codeigniter4\framework\system\CodeIgniter.php(824): App\Controllers\FileUpload->index()
#5 D:\xampp\htdocs\root-test\vendor\codeigniter4\framework\system\CodeIgniter.php(410): CodeIgniter\CodeIgniter->runController(Object(App\Controllers\FileUpload))
#6 D:\xampp\htdocs\root-test\vendor\codeigniter4\framework\system\CodeIgniter.php(318): CodeIgniter\CodeIgniter->handleRequest(NULL, Object(Config\Cache), false)
#7 D:\xampp\htdocs\root-test\public\index.php(37): CodeIgniter\CodeIgniter->run()
#8 D:\xampp\htdocs\root-test\vendor\codeigniter4\framework\system\Commands\Server\rewrite.php(43): require_once('D:\\xampp\\htdocs...')
#9 {main}
CRITICAL - 2021-11-21 09:02:12 -->  max_size is not a valid rule.
#0 D:\xampp\htdocs\root-test\vendor\codeigniter4\framework\system\Validation\Validation.php(285): CodeIgniter\Validation\Exceptions\ValidationException::forRuleNotFound(' max_size')
#1 D:\xampp\htdocs\root-test\vendor\codeigniter4\framework\system\Validation\Validation.php(151): CodeIgniter\Validation\Validation->processRules('avatar', 'avatar', NULL, Array, Array)
#2 D:\xampp\htdocs\root-test\vendor\codeigniter4\framework\system\Controller.php(160): CodeIgniter\Validation\Validation->run()
#3 D:\xampp\htdocs\root-test\app\Controllers\FileUpload.php(22): CodeIgniter\Controller->validate(Array)
#4 D:\xampp\htdocs\root-test\vendor\codeigniter4\framework\system\CodeIgniter.php(824): App\Controllers\FileUpload->index()
#5 D:\xampp\htdocs\root-test\vendor\codeigniter4\framework\system\CodeIgniter.php(410): CodeIgniter\CodeIgniter->runController(Object(App\Controllers\FileUpload))
#6 D:\xampp\htdocs\root-test\vendor\codeigniter4\framework\system\CodeIgniter.php(318): CodeIgniter\CodeIgniter->handleRequest(NULL, Object(Config\Cache), false)
#7 D:\xampp\htdocs\root-test\public\index.php(37): CodeIgniter\CodeIgniter->run()
#8 D:\xampp\htdocs\root-test\vendor\codeigniter4\framework\system\Commands\Server\rewrite.php(43): require_once('D:\\xampp\\htdocs...')
#9 {main}
CRITICAL - 2021-11-21 09:02:20 -->  max_size is not a valid rule.
#0 D:\xampp\htdocs\root-test\vendor\codeigniter4\framework\system\Validation\Validation.php(285): CodeIgniter\Validation\Exceptions\ValidationException::forRuleNotFound(' max_size')
#1 D:\xampp\htdocs\root-test\vendor\codeigniter4\framework\system\Validation\Validation.php(151): CodeIgniter\Validation\Validation->processRules('avatar', 'avatar', NULL, Array, Array)
#2 D:\xampp\htdocs\root-test\vendor\codeigniter4\framework\system\Controller.php(160): CodeIgniter\Validation\Validation->run()
#3 D:\xampp\htdocs\root-test\app\Controllers\FileUpload.php(22): CodeIgniter\Controller->validate(Array)
#4 D:\xampp\htdocs\root-test\vendor\codeigniter4\framework\system\CodeIgniter.php(824): App\Controllers\FileUpload->index()
#5 D:\xampp\htdocs\root-test\vendor\codeigniter4\framework\system\CodeIgniter.php(410): CodeIgniter\CodeIgniter->runController(Object(App\Controllers\FileUpload))
#6 D:\xampp\htdocs\root-test\vendor\codeigniter4\framework\system\CodeIgniter.php(318): CodeIgniter\CodeIgniter->handleRequest(NULL, Object(Config\Cache), false)
#7 D:\xampp\htdocs\root-test\public\index.php(37): CodeIgniter\CodeIgniter->run()
#8 D:\xampp\htdocs\root-test\vendor\codeigniter4\framework\system\Commands\Server\rewrite.php(43): require_once('D:\\xampp\\htdocs...')
#9 {main}
CRITICAL - 2021-11-21 09:04:34 -->  max_size is not a valid rule.
#0 D:\xampp\htdocs\root-test\vendor\codeigniter4\framework\system\Validation\Validation.php(285): CodeIgniter\Validation\Exceptions\ValidationException::forRuleNotFound(' max_size')
#1 D:\xampp\htdocs\root-test\vendor\codeigniter4\framework\system\Validation\Validation.php(151): CodeIgniter\Validation\Validation->processRules('avatar', 'avatar', NULL, Array, Array)
#2 D:\xampp\htdocs\root-test\vendor\codeigniter4\framework\system\Controller.php(160): CodeIgniter\Validation\Validation->run()
#3 D:\xampp\htdocs\root-test\app\Controllers\FileUpload.php(22): CodeIgniter\Controller->validate(Array)
#4 D:\xampp\htdocs\root-test\vendor\codeigniter4\framework\system\CodeIgniter.php(824): App\Controllers\FileUpload->index()
#5 D:\xampp\htdocs\root-test\vendor\codeigniter4\framework\system\CodeIgniter.php(410): CodeIgniter\CodeIgniter->runController(Object(App\Controllers\FileUpload))
#6 D:\xampp\htdocs\root-test\vendor\codeigniter4\framework\system\CodeIgniter.php(318): CodeIgniter\CodeIgniter->handleRequest(NULL, Object(Config\Cache), false)
#7 D:\xampp\htdocs\root-test\public\index.php(37): CodeIgniter\CodeIgniter->run()
#8 D:\xampp\htdocs\root-test\vendor\codeigniter4\framework\system\Commands\Server\rewrite.php(43): require_once('D:\\xampp\\htdocs...')
#9 {main}
CRITICAL - 2021-11-21 09:04:43 -->  max_size is not a valid rule.
#0 D:\xampp\htdocs\root-test\vendor\codeigniter4\framework\system\Validation\Validation.php(285): CodeIgniter\Validation\Exceptions\ValidationException::forRuleNotFound(' max_size')
#1 D:\xampp\htdocs\root-test\vendor\codeigniter4\framework\system\Validation\Validation.php(151): CodeIgniter\Validation\Validation->processRules('avatar', 'avatar', NULL, Array, Array)
#2 D:\xampp\htdocs\root-test\vendor\codeigniter4\framework\system\Controller.php(160): CodeIgniter\Validation\Validation->run()
#3 D:\xampp\htdocs\root-test\app\Controllers\FileUpload.php(22): CodeIgniter\Controller->validate(Array)
#4 D:\xampp\htdocs\root-test\vendor\codeigniter4\framework\system\CodeIgniter.php(824): App\Controllers\FileUpload->index()
#5 D:\xampp\htdocs\root-test\vendor\codeigniter4\framework\system\CodeIgniter.php(410): CodeIgniter\CodeIgniter->runController(Object(App\Controllers\FileUpload))
#6 D:\xampp\htdocs\root-test\vendor\codeigniter4\framework\system\CodeIgniter.php(318): CodeIgniter\CodeIgniter->handleRequest(NULL, Object(Config\Cache), false)
#7 D:\xampp\htdocs\root-test\public\index.php(37): CodeIgniter\CodeIgniter->run()
#8 D:\xampp\htdocs\root-test\vendor\codeigniter4\framework\system\Commands\Server\rewrite.php(43): require_once('D:\\xampp\\htdocs...')
#9 {main}
CRITICAL - 2021-11-21 09:04:59 -->  max_size is not a valid rule.
#0 D:\xampp\htdocs\root-test\vendor\codeigniter4\framework\system\Validation\Validation.php(285): CodeIgniter\Validation\Exceptions\ValidationException::forRuleNotFound(' max_size')
#1 D:\xampp\htdocs\root-test\vendor\codeigniter4\framework\system\Validation\Validation.php(151): CodeIgniter\Validation\Validation->processRules('avatar', 'avatar', NULL, Array, Array)
#2 D:\xampp\htdocs\root-test\vendor\codeigniter4\framework\system\Controller.php(160): CodeIgniter\Validation\Validation->run()
#3 D:\xampp\htdocs\root-test\app\Controllers\FileUpload.php(22): CodeIgniter\Controller->validate(Array)
#4 D:\xampp\htdocs\root-test\vendor\codeigniter4\framework\system\CodeIgniter.php(824): App\Controllers\FileUpload->index()
#5 D:\xampp\htdocs\root-test\vendor\codeigniter4\framework\system\CodeIgniter.php(410): CodeIgniter\CodeIgniter->runController(Object(App\Controllers\FileUpload))
#6 D:\xampp\htdocs\root-test\vendor\codeigniter4\framework\system\CodeIgniter.php(318): CodeIgniter\CodeIgniter->handleRequest(NULL, Object(Config\Cache), false)
#7 D:\xampp\htdocs\root-test\public\index.php(37): CodeIgniter\CodeIgniter->run()
#8 D:\xampp\htdocs\root-test\vendor\codeigniter4\framework\system\Commands\Server\rewrite.php(43): require_once('D:\\xampp\\htdocs...')
#9 {main}
CRITICAL - 2021-11-21 17:04:57 --> requirred is not a valid rule.
#0 D:\xampp\htdocs\root-test\vendor\codeigniter4\framework\system\Validation\Validation.php(285): CodeIgniter\Validation\Exceptions\ValidationException::forRuleNotFound('requirred')
#1 D:\xampp\htdocs\root-test\vendor\codeigniter4\framework\system\Validation\Validation.php(151): CodeIgniter\Validation\Validation->processRules('email', 'Email', 'fdafsfaf@faaf', Array, Array)
#2 D:\xampp\htdocs\root-test\vendor\codeigniter4\framework\system\Controller.php(160): CodeIgniter\Validation\Validation->run()
#3 D:\xampp\htdocs\root-test\app\Controllers\Login.php(119): CodeIgniter\Controller->validate(Array)
#4 D:\xampp\htdocs\root-test\vendor\codeigniter4\framework\system\CodeIgniter.php(824): App\Controllers\Login->forgotpassword()
#5 D:\xampp\htdocs\root-test\vendor\codeigniter4\framework\system\CodeIgniter.php(410): CodeIgniter\CodeIgniter->runController(Object(App\Controllers\Login))
#6 D:\xampp\htdocs\root-test\vendor\codeigniter4\framework\system\CodeIgniter.php(318): CodeIgniter\CodeIgniter->handleRequest(NULL, Object(Config\Cache), false)
#7 D:\xampp\htdocs\root-test\public\index.php(37): CodeIgniter\CodeIgniter->run()
#8 D:\xampp\htdocs\root-test\vendor\codeigniter4\framework\system\Commands\Server\rewrite.php(43): require_once('D:\\xampp\\htdocs...')
#9 {main}
CRITICAL - 2021-11-21 17:06:22 --> requirred is not a valid rule.
#0 D:\xampp\htdocs\root-test\vendor\codeigniter4\framework\system\Validation\Validation.php(285): CodeIgniter\Validation\Exceptions\ValidationException::forRuleNotFound('requirred')
#1 D:\xampp\htdocs\root-test\vendor\codeigniter4\framework\system\Validation\Validation.php(151): CodeIgniter\Validation\Validation->processRules('email', 'Email', 'fdafsfaf@faaf', Array, Array)
#2 D:\xampp\htdocs\root-test\vendor\codeigniter4\framework\system\Controller.php(160): CodeIgniter\Validation\Validation->run()
#3 D:\xampp\htdocs\root-test\app\Controllers\Login.php(119): CodeIgniter\Controller->validate(Array)
#4 D:\xampp\htdocs\root-test\vendor\codeigniter4\framework\system\CodeIgniter.php(824): App\Controllers\Login->forgotpassword()
#5 D:\xampp\htdocs\root-test\vendor\codeigniter4\framework\system\CodeIgniter.php(410): CodeIgniter\CodeIgniter->runController(Object(App\Controllers\Login))
#6 D:\xampp\htdocs\root-test\vendor\codeigniter4\framework\system\CodeIgniter.php(318): CodeIgniter\CodeIgniter->handleRequest(NULL, Object(Config\Cache), false)
#7 D:\xampp\htdocs\root-test\public\index.php(37): CodeIgniter\CodeIgniter->run()
#8 D:\xampp\htdocs\root-test\vendor\codeigniter4\framework\system\Commands\Server\rewrite.php(43): require_once('D:\\xampp\\htdocs...')
#9 {main}
CRITICAL - 2021-11-21 17:06:46 --> Email is not a valid rule.
#0 D:\xampp\htdocs\root-test\vendor\codeigniter4\framework\system\Validation\Validation.php(285): CodeIgniter\Validation\Exceptions\ValidationException::forRuleNotFound('Email')
#1 D:\xampp\htdocs\root-test\vendor\codeigniter4\framework\system\Validation\Validation.php(151): CodeIgniter\Validation\Validation->processRules('email', 'Email', 'fdafsfaf@faaf', Array, Array)
#2 D:\xampp\htdocs\root-test\vendor\codeigniter4\framework\system\Controller.php(160): CodeIgniter\Validation\Validation->run()
#3 D:\xampp\htdocs\root-test\app\Controllers\Login.php(119): CodeIgniter\Controller->validate(Array)
#4 D:\xampp\htdocs\root-test\vendor\codeigniter4\framework\system\CodeIgniter.php(824): App\Controllers\Login->forgotpassword()
#5 D:\xampp\htdocs\root-test\vendor\codeigniter4\framework\system\CodeIgniter.php(410): CodeIgniter\CodeIgniter->runController(Object(App\Controllers\Login))
#6 D:\xampp\htdocs\root-test\vendor\codeigniter4\framework\system\CodeIgniter.php(318): CodeIgniter\CodeIgniter->handleRequest(NULL, Object(Config\Cache), false)
#7 D:\xampp\htdocs\root-test\public\index.php(37): CodeIgniter\CodeIgniter->run()
#8 D:\xampp\htdocs\root-test\vendor\codeigniter4\framework\system\Commands\Server\rewrite.php(43): require_once('D:\\xampp\\htdocs...')
#9 {main}
CRITICAL - 2021-11-21 17:06:52 --> Email is not a valid rule.
#0 D:\xampp\htdocs\root-test\vendor\codeigniter4\framework\system\Validation\Validation.php(285): CodeIgniter\Validation\Exceptions\ValidationException::forRuleNotFound('Email')
#1 D:\xampp\htdocs\root-test\vendor\codeigniter4\framework\system\Validation\Validation.php(151): CodeIgniter\Validation\Validation->processRules('email', 'Email', 'fdafsfaf@faaf', Array, Array)
#2 D:\xampp\htdocs\root-test\vendor\codeigniter4\framework\system\Controller.php(160): CodeIgniter\Validation\Validation->run()
#3 D:\xampp\htdocs\root-test\app\Controllers\Login.php(119): CodeIgniter\Controller->validate(Array)
#4 D:\xampp\htdocs\root-test\vendor\codeigniter4\framework\system\CodeIgniter.php(824): App\Controllers\Login->forgotpassword()
#5 D:\xampp\htdocs\root-test\vendor\codeigniter4\framework\system\CodeIgniter.php(410): CodeIgniter\CodeIgniter->runController(Object(App\Controllers\Login))
#6 D:\xampp\htdocs\root-test\vendor\codeigniter4\framework\system\CodeIgniter.php(318): CodeIgniter\CodeIgniter->handleRequest(NULL, Object(Config\Cache), false)
#7 D:\xampp\htdocs\root-test\public\index.php(37): CodeIgniter\CodeIgniter->run()
#8 D:\xampp\htdocs\root-test\vendor\codeigniter4\framework\system\Commands\Server\rewrite.php(43): require_once('D:\\xampp\\htdocs...')
#9 {main}
CRITICAL - 2021-11-21 17:07:00 --> Email is not a valid rule.
#0 D:\xampp\htdocs\root-test\vendor\codeigniter4\framework\system\Validation\Validation.php(285): CodeIgniter\Validation\Exceptions\ValidationException::forRuleNotFound('Email')
#1 D:\xampp\htdocs\root-test\vendor\codeigniter4\framework\system\Validation\Validation.php(151): CodeIgniter\Validation\Validation->processRules('email', 'Email', 'wakfmka@gmail.c...', Array, Array)
#2 D:\xampp\htdocs\root-test\vendor\codeigniter4\framework\system\Controller.php(160): CodeIgniter\Validation\Validation->run()
#3 D:\xampp\htdocs\root-test\app\Controllers\Login.php(119): CodeIgniter\Controller->validate(Array)
#4 D:\xampp\htdocs\root-test\vendor\codeigniter4\framework\system\CodeIgniter.php(824): App\Controllers\Login->forgotpassword()
#5 D:\xampp\htdocs\root-test\vendor\codeigniter4\framework\system\CodeIgniter.php(410): CodeIgniter\CodeIgniter->runController(Object(App\Controllers\Login))
#6 D:\xampp\htdocs\root-test\vendor\codeigniter4\framework\system\CodeIgniter.php(318): CodeIgniter\CodeIgniter->handleRequest(NULL, Object(Config\Cache), false)
#7 D:\xampp\htdocs\root-test\public\index.php(37): CodeIgniter\CodeIgniter->run()
#8 D:\xampp\htdocs\root-test\vendor\codeigniter4\framework\system\Commands\Server\rewrite.php(43): require_once('D:\\xampp\\htdocs...')
#9 {main}
