ERROR - 2021-12-02 11:28:42 --> Table 'projectsatu.users' doesn't exist
CRITICAL - 2021-12-02 11:28:42 --> Table 'projectsatu.users' doesn't exist
#0 D:\xampp\htdocs\project1\vendor\codeigniter4\framework\system\Database\MySQLi\Connection.php(292): mysqli->query('SELECT 1\nFROM `...', 0)
#1 D:\xampp\htdocs\project1\vendor\codeigniter4\framework\system\Database\BaseConnection.php(670): CodeIgniter\Database\MySQLi\Connection->execute('SELECT 1\nFROM `...')
#2 D:\xampp\htdocs\project1\vendor\codeigniter4\framework\system\Database\BaseConnection.php(598): CodeIgniter\Database\BaseConnection->simpleQuery('SELECT 1\nFROM `...')
#3 D:\xampp\htdocs\project1\vendor\codeigniter4\framework\system\Database\BaseBuilder.php(1443): CodeIgniter\Database\BaseConnection->query('SELECT 1\nFROM `...', Array, false)
#4 D:\xampp\htdocs\project1\vendor\codeigniter4\framework\system\Validation\Rules.php(161): CodeIgniter\Database\BaseBuilder->get()
#5 D:\xampp\htdocs\project1\vendor\codeigniter4\framework\system\Validation\Validation.php(277): CodeIgniter\Validation\Rules->is_unique('fikri.kemal.akb...', 'email', Array, NULL)
#6 D:\xampp\htdocs\project1\vendor\codeigniter4\framework\system\Validation\Validation.php(151): CodeIgniter\Validation\Validation->processRules('email', 'email', 'fikri.kemal.akb...', Array, Array)
#7 D:\xampp\htdocs\project1\vendor\codeigniter4\framework\system\Controller.php(160): CodeIgniter\Validation\Validation->run()
#8 D:\xampp\htdocs\project1\app\Controllers\Register.php(35): CodeIgniter\Controller->validate(Array)
#9 D:\xampp\htdocs\project1\vendor\codeigniter4\framework\system\CodeIgniter.php(824): App\Controllers\Register->index()
#10 D:\xampp\htdocs\project1\vendor\codeigniter4\framework\system\CodeIgniter.php(410): CodeIgniter\CodeIgniter->runController(Object(App\Controllers\Register))
#11 D:\xampp\htdocs\project1\vendor\codeigniter4\framework\system\CodeIgniter.php(318): CodeIgniter\CodeIgniter->handleRequest(NULL, Object(Config\Cache), false)
#12 D:\xampp\htdocs\project1\public\index.php(37): CodeIgniter\CodeIgniter->run()
#13 D:\xampp\htdocs\project1\vendor\codeigniter4\framework\system\Commands\Server\rewrite.php(43): require_once('D:\\xampp\\htdocs...')
#14 {main}
CRITICAL - 2021-12-02 16:07:21 --> Invalid file: main/home/mengapapilihkami.php
#0 D:\xampp\htdocs\project1\vendor\codeigniter4\framework\system\View\View.php(198): CodeIgniter\Exceptions\FrameworkException::forInvalidFile('main/home/menga...')
#1 D:\xampp\htdocs\project1\vendor\codeigniter4\framework\system\View\View.php(432): CodeIgniter\View\View->render('main/home/menga...', NULL, true)
#2 D:\xampp\htdocs\project1\app\Views\front\main\home.php(3): CodeIgniter\View\View->include('main/home/menga...')
#3 D:\xampp\htdocs\project1\vendor\codeigniter4\framework\system\View\View.php(214): include('D:\\xampp\\htdocs...')
#4 D:\xampp\htdocs\project1\vendor\codeigniter4\framework\system\View\View.php(217): CodeIgniter\View\View->CodeIgniter\View\{closure}()
#5 D:\xampp\htdocs\project1\vendor\codeigniter4\framework\system\Common.php(1097): CodeIgniter\View\View->render('front/main/home', Array, true)
#6 D:\xampp\htdocs\project1\app\Controllers\Home.php(12): view('front/main/home', Array)
#7 D:\xampp\htdocs\project1\vendor\codeigniter4\framework\system\CodeIgniter.php(824): App\Controllers\Home->index()
#8 D:\xampp\htdocs\project1\vendor\codeigniter4\framework\system\CodeIgniter.php(410): CodeIgniter\CodeIgniter->runController(Object(App\Controllers\Home))
#9 D:\xampp\htdocs\project1\vendor\codeigniter4\framework\system\CodeIgniter.php(318): CodeIgniter\CodeIgniter->handleRequest(NULL, Object(Config\Cache), false)
#10 D:\xampp\htdocs\project1\public\index.php(37): CodeIgniter\CodeIgniter->run()
#11 D:\xampp\htdocs\project1\vendor\codeigniter4\framework\system\Commands\Server\rewrite.php(43): require_once('D:\\xampp\\htdocs...')
#12 {main}
CRITICAL - 2021-12-02 16:07:57 --> Invalid file: main/home/mengapapilihkami.php
#0 D:\xampp\htdocs\project1\vendor\codeigniter4\framework\system\View\View.php(198): CodeIgniter\Exceptions\FrameworkException::forInvalidFile('main/home/menga...')
#1 D:\xampp\htdocs\project1\vendor\codeigniter4\framework\system\View\View.php(432): CodeIgniter\View\View->render('main/home/menga...', NULL, true)
#2 D:\xampp\htdocs\project1\app\Views\front\main\home.php(3): CodeIgniter\View\View->include('main/home/menga...')
#3 D:\xampp\htdocs\project1\vendor\codeigniter4\framework\system\View\View.php(214): include('D:\\xampp\\htdocs...')
#4 D:\xampp\htdocs\project1\vendor\codeigniter4\framework\system\View\View.php(217): CodeIgniter\View\View->CodeIgniter\View\{closure}()
#5 D:\xampp\htdocs\project1\vendor\codeigniter4\framework\system\Common.php(1097): CodeIgniter\View\View->render('front/main/home', Array, true)
#6 D:\xampp\htdocs\project1\app\Controllers\Home.php(12): view('front/main/home', Array)
#7 D:\xampp\htdocs\project1\vendor\codeigniter4\framework\system\CodeIgniter.php(824): App\Controllers\Home->index()
#8 D:\xampp\htdocs\project1\vendor\codeigniter4\framework\system\CodeIgniter.php(410): CodeIgniter\CodeIgniter->runController(Object(App\Controllers\Home))
#9 D:\xampp\htdocs\project1\vendor\codeigniter4\framework\system\CodeIgniter.php(318): CodeIgniter\CodeIgniter->handleRequest(NULL, Object(Config\Cache), false)
#10 D:\xampp\htdocs\project1\public\index.php(37): CodeIgniter\CodeIgniter->run()
#11 D:\xampp\htdocs\project1\vendor\codeigniter4\framework\system\Commands\Server\rewrite.php(43): require_once('D:\\xampp\\htdocs...')
#12 {main}
CRITICAL - 2021-12-02 16:07:58 --> Invalid file: main/home/mengapapilihkami.php
#0 D:\xampp\htdocs\project1\vendor\codeigniter4\framework\system\View\View.php(198): CodeIgniter\Exceptions\FrameworkException::forInvalidFile('main/home/menga...')
#1 D:\xampp\htdocs\project1\vendor\codeigniter4\framework\system\View\View.php(432): CodeIgniter\View\View->render('main/home/menga...', NULL, true)
#2 D:\xampp\htdocs\project1\app\Views\front\main\home.php(3): CodeIgniter\View\View->include('main/home/menga...')
#3 D:\xampp\htdocs\project1\vendor\codeigniter4\framework\system\View\View.php(214): include('D:\\xampp\\htdocs...')
#4 D:\xampp\htdocs\project1\vendor\codeigniter4\framework\system\View\View.php(217): CodeIgniter\View\View->CodeIgniter\View\{closure}()
#5 D:\xampp\htdocs\project1\vendor\codeigniter4\framework\system\Common.php(1097): CodeIgniter\View\View->render('front/main/home', Array, true)
#6 D:\xampp\htdocs\project1\app\Controllers\Home.php(12): view('front/main/home', Array)
#7 D:\xampp\htdocs\project1\vendor\codeigniter4\framework\system\CodeIgniter.php(824): App\Controllers\Home->index()
#8 D:\xampp\htdocs\project1\vendor\codeigniter4\framework\system\CodeIgniter.php(410): CodeIgniter\CodeIgniter->runController(Object(App\Controllers\Home))
#9 D:\xampp\htdocs\project1\vendor\codeigniter4\framework\system\CodeIgniter.php(318): CodeIgniter\CodeIgniter->handleRequest(NULL, Object(Config\Cache), false)
#10 D:\xampp\htdocs\project1\public\index.php(37): CodeIgniter\CodeIgniter->run()
#11 D:\xampp\htdocs\project1\vendor\codeigniter4\framework\system\Commands\Server\rewrite.php(43): require_once('D:\\xampp\\htdocs...')
#12 {main}
CRITICAL - 2021-12-02 18:15:31 --> Invalid file: front/home/mengapapilihkami.php
#0 D:\xampp\htdocs\project1\vendor\codeigniter4\framework\system\View\View.php(198): CodeIgniter\Exceptions\FrameworkException::forInvalidFile('front/home/meng...')
#1 D:\xampp\htdocs\project1\vendor\codeigniter4\framework\system\View\View.php(432): CodeIgniter\View\View->render('front/home/meng...', NULL, true)
#2 D:\xampp\htdocs\project1\app\Views\front\main\home.php(3): CodeIgniter\View\View->include('front/home/meng...')
#3 D:\xampp\htdocs\project1\vendor\codeigniter4\framework\system\View\View.php(214): include('D:\\xampp\\htdocs...')
#4 D:\xampp\htdocs\project1\vendor\codeigniter4\framework\system\View\View.php(217): CodeIgniter\View\View->CodeIgniter\View\{closure}()
#5 D:\xampp\htdocs\project1\vendor\codeigniter4\framework\system\Common.php(1097): CodeIgniter\View\View->render('front/main/home', Array, true)
#6 D:\xampp\htdocs\project1\app\Controllers\Home.php(12): view('front/main/home', Array)
#7 D:\xampp\htdocs\project1\vendor\codeigniter4\framework\system\CodeIgniter.php(824): App\Controllers\Home->index()
#8 D:\xampp\htdocs\project1\vendor\codeigniter4\framework\system\CodeIgniter.php(410): CodeIgniter\CodeIgniter->runController(Object(App\Controllers\Home))
#9 D:\xampp\htdocs\project1\vendor\codeigniter4\framework\system\CodeIgniter.php(318): CodeIgniter\CodeIgniter->handleRequest(NULL, Object(Config\Cache), false)
#10 D:\xampp\htdocs\project1\public\index.php(37): CodeIgniter\CodeIgniter->run()
#11 D:\xampp\htdocs\project1\vendor\codeigniter4\framework\system\Commands\Server\rewrite.php(43): require_once('D:\\xampp\\htdocs...')
#12 {main}
