CRITICAL - 2021-11-23 17:33:27 --> Invalid file: dashboard/changepassword.php
#0 D:\xampp\htdocs\loginactivitycodeigniter4\vendor\codeigniter4\framework\system\View\View.php(198): CodeIgniter\Exceptions\FrameworkException::forInvalidFile('dashboard/chang...')
#1 D:\xampp\htdocs\loginactivitycodeigniter4\vendor\codeigniter4\framework\system\Common.php(1097): CodeIgniter\View\View->render('dashboard/chang...', Array, true)
#2 D:\xampp\htdocs\loginactivitycodeigniter4\app\Controllers\Dashboard.php(105): view('dashboard/chang...')
#3 D:\xampp\htdocs\loginactivitycodeigniter4\vendor\codeigniter4\framework\system\CodeIgniter.php(824): App\Controllers\Dashboard->changepassword()
#4 D:\xampp\htdocs\loginactivitycodeigniter4\vendor\codeigniter4\framework\system\CodeIgniter.php(410): CodeIgniter\CodeIgniter->runController(Object(App\Controllers\Dashboard))
#5 D:\xampp\htdocs\loginactivitycodeigniter4\vendor\codeigniter4\framework\system\CodeIgniter.php(318): CodeIgniter\CodeIgniter->handleRequest(NULL, Object(Config\Cache), false)
#6 D:\xampp\htdocs\loginactivitycodeigniter4\public\index.php(37): CodeIgniter\CodeIgniter->run()
#7 D:\xampp\htdocs\loginactivitycodeigniter4\vendor\codeigniter4\framework\system\Commands\Server\rewrite.php(43): require_once('D:\\xampp\\htdocs...')
#8 {main}
CRITICAL - 2021-11-23 17:33:41 --> Invalid file: dashboard/changepassword.php
#0 D:\xampp\htdocs\loginactivitycodeigniter4\vendor\codeigniter4\framework\system\View\View.php(198): CodeIgniter\Exceptions\FrameworkException::forInvalidFile('dashboard/chang...')
#1 D:\xampp\htdocs\loginactivitycodeigniter4\vendor\codeigniter4\framework\system\Common.php(1097): CodeIgniter\View\View->render('dashboard/chang...', Array, true)
#2 D:\xampp\htdocs\loginactivitycodeigniter4\app\Controllers\Dashboard.php(105): view('dashboard/chang...')
#3 D:\xampp\htdocs\loginactivitycodeigniter4\vendor\codeigniter4\framework\system\CodeIgniter.php(824): App\Controllers\Dashboard->changepassword()
#4 D:\xampp\htdocs\loginactivitycodeigniter4\vendor\codeigniter4\framework\system\CodeIgniter.php(410): CodeIgniter\CodeIgniter->runController(Object(App\Controllers\Dashboard))
#5 D:\xampp\htdocs\loginactivitycodeigniter4\vendor\codeigniter4\framework\system\CodeIgniter.php(318): CodeIgniter\CodeIgniter->handleRequest(NULL, Object(Config\Cache), false)
#6 D:\xampp\htdocs\loginactivitycodeigniter4\public\index.php(37): CodeIgniter\CodeIgniter->run()
#7 D:\xampp\htdocs\loginactivitycodeigniter4\vendor\codeigniter4\framework\system\Commands\Server\rewrite.php(43): require_once('D:\\xampp\\htdocs...')
#8 {main}
CRITICAL - 2021-11-23 17:34:10 --> Undefined variable $title
#0 D:\xampp\htdocs\loginactivitycodeigniter4\app\Views\dashboard\layouts.php(10): CodeIgniter\Debug\Exceptions->errorHandler(2, 'Undefined varia...', 'D:\\xampp\\htdocs...', 10)
#1 D:\xampp\htdocs\loginactivitycodeigniter4\vendor\codeigniter4\framework\system\View\View.php(214): include('D:\\xampp\\htdocs...')
#2 D:\xampp\htdocs\loginactivitycodeigniter4\vendor\codeigniter4\framework\system\View\View.php(217): CodeIgniter\View\View->CodeIgniter\View\{closure}()
#3 D:\xampp\htdocs\loginactivitycodeigniter4\vendor\codeigniter4\framework\system\View\View.php(230): CodeIgniter\View\View->render('dashboard/layou...', Array, true)
#4 D:\xampp\htdocs\loginactivitycodeigniter4\vendor\codeigniter4\framework\system\Common.php(1097): CodeIgniter\View\View->render('dashboard/chang...', Array, true)
#5 D:\xampp\htdocs\loginactivitycodeigniter4\app\Controllers\Dashboard.php(105): view('dashboard/chang...')
#6 D:\xampp\htdocs\loginactivitycodeigniter4\vendor\codeigniter4\framework\system\CodeIgniter.php(824): App\Controllers\Dashboard->changepassword()
#7 D:\xampp\htdocs\loginactivitycodeigniter4\vendor\codeigniter4\framework\system\CodeIgniter.php(410): CodeIgniter\CodeIgniter->runController(Object(App\Controllers\Dashboard))
#8 D:\xampp\htdocs\loginactivitycodeigniter4\vendor\codeigniter4\framework\system\CodeIgniter.php(318): CodeIgniter\CodeIgniter->handleRequest(NULL, Object(Config\Cache), false)
#9 D:\xampp\htdocs\loginactivitycodeigniter4\public\index.php(37): CodeIgniter\CodeIgniter->run()
#10 D:\xampp\htdocs\loginactivitycodeigniter4\vendor\codeigniter4\framework\system\Commands\Server\rewrite.php(43): require_once('D:\\xampp\\htdocs...')
#11 {main}
